#
# There is insufficient memory for the Java Runtime Environment to continue.
# Native memory allocation (mmap) failed to map 253755392 bytes for committing reserved memory.
# Possible reasons:
#   The system is out of physical RAM or swap space
#   The process is running with CompressedOops enabled, and the Java Heap may be blocking the growth of the native heap
# Possible solutions:
#   Reduce memory load on the system
#   Increase physical memory or swap space
#   Check if swap backing store is full
#   Decrease Java heap size (-Xmx/-Xms)
#   Decrease number of Java threads
#   Decrease Java thread stack sizes (-Xss)
#   Set larger code cache with -XX:ReservedCodeCacheSize=
#   JVM is running with Unscaled Compressed Oops mode in which the Java heap is
#     placed in the first 4GB address space. The Java Heap base address is the
#     maximum limit for the native heap growth. Please use -XX:HeapBaseMinAddress
#     to set the Java Heap base and to place the Java Heap above 4GB virtual address.
# This output file may be truncated or incomplete.
#
#  Out of Memory Error (os_linux.cpp:2706), pid=12475, tid=12488
#
# JRE version: Java(TM) SE Runtime Environment (10.0.2+13) (build 10.0.2+13)
# Java VM: Java HotSpot(TM) 64-Bit Server VM (10.0.2+13, mixed mode, tiered, compressed oops, g1 gc, linux-amd64)
# Core dump will be written. Default location: Core dumps may be processed with "/usr/share/apport/apport %p %s %c %d %P" (or dumping to /home/home/NetBeansProjects/Collaboration/AuthenticationIdentity/core.12475)
#

---------------  S U M M A R Y ------------

Command Line: /home/home/NetBeansProjects/Collaboration/AuthenticationIdentity/target/surefire/surefirebooter7063273252495754830.jar /home/home/NetBeansProjects/Collaboration/AuthenticationIdentity/target/surefire 2019-10-19T00-11-12_440-jvmRun1 surefire13646657999560138373tmp surefire_015390912785094315108tmp

Host: Intel(R) Core(TM) i5-4200U CPU @ 1.60GHz, 4 cores, 5G, Ubuntu 18.04.3 LTS
Time: Sat Oct 19 00:12:23 2019 -03 elapsed time: 69 seconds (0d 0h 1m 9s)

---------------  T H R E A D  ---------------

Current thread (0x00007f4e9015c800):  VMThread "VM Thread" [stack: 0x00007f4e7408d000,0x00007f4e7418d000] [id=12488]

Stack: [0x00007f4e7408d000,0x00007f4e7418d000],  sp=0x00007f4e7418afc0,  free space=1015k
Native frames: (J=compiled Java code, A=aot compiled Java code, j=interpreted, Vv=VM code, C=native code)
V  [libjvm.so+0xdf5452]  VMError::report_and_die(int, char const*, char const*, __va_list_tag*, Thread*, unsigned char*, void*, void*, char const*, int, unsigned long)+0x162
V  [libjvm.so+0xdf60fb]  VMError::report_and_die(Thread*, char const*, int, unsigned long, VMErrorType, char const*, __va_list_tag*)+0x2b
V  [libjvm.so+0x6a7c28]  report_vm_out_of_memory(char const*, int, unsigned long, VMErrorType, char const*, ...)+0xd8
V  [libjvm.so+0xbff759]  os::pd_commit_memory_or_exit(char*, unsigned long, unsigned long, bool, char const*)+0xe9
V  [libjvm.so+0xbf7e1d]  os::commit_memory_or_exit(char*, unsigned long, unsigned long, bool, char const*)+0x1d
V  [libjvm.so+0x7ceab2]  G1PageBasedVirtualSpace::commit_preferred_pages(unsigned long, unsigned long)+0x62
V  [libjvm.so+0x7ced9e]  G1PageBasedVirtualSpace::commit(unsigned long, unsigned long)+0x11e
V  [libjvm.so+0x7d1ed6]  G1RegionsLargerThanCommitSizeMapper::commit_regions(unsigned int, unsigned long, WorkGang*)+0x46
V  [libjvm.so+0x86453c]  HeapRegionManager::commit_regions(unsigned int, unsigned long, WorkGang*)+0x7c
V  [libjvm.so+0x8650b4]  HeapRegionManager::make_regions_available(unsigned int, unsigned int, WorkGang*)+0x34
V  [libjvm.so+0x8655d1]  HeapRegionManager::expand_by(unsigned int, WorkGang*)+0x71
V  [libjvm.so+0x781f77]  G1CollectedHeap::expand(unsigned long, WorkGang*, double*)+0xd7
V  [libjvm.so+0x7861b2]  G1CollectedHeap::do_collection_pause_at_safepoint(double)+0xd92
V  [libjvm.so+0xe07ca2]  VM_G1IncCollectionPause::doit()+0x82
V  [libjvm.so+0xe06c1a]  VM_Operation::evaluate()+0x19a
V  [libjvm.so+0xe043d5]  VMThread::evaluate_operation(VM_Operation*)+0xc5
V  [libjvm.so+0xe04a8f]  VMThread::loop()+0x27f
V  [libjvm.so+0xe050f2]  VMThread::run()+0x72
V  [libjvm.so+0xc05392]  thread_native_entry(Thread*)+0xf2

VM_Operation (0x00007f4e97cc73f0): G1IncCollectionPause, mode: safepoint, requested by thread 0x00007f4e90011800


---------------  P R O C E S S  ---------------

Threads class SMR info:
_java_thread_list=0x00007f4dfc000b20, length=14, elements={
0x00007f4e90011800, 0x00007f4e90166800, 0x00007f4e90168800, 0x00007f4e90171800,
0x00007f4e9017c000, 0x00007f4e9017e000, 0x00007f4e90180000, 0x00007f4e90182000,
0x00007f4e90247000, 0x00007f4e90251000, 0x00007f4e902e9800, 0x00007f4e9033f000,
0x00007f4e0801e800, 0x00007f4e90cbe000
}

Java Threads: ( => current thread )
  0x00007f4e90011800 JavaThread "main" [_thread_blocked, id=12476, stack(0x00007f4e97bcb000,0x00007f4e97ccc000)]
  0x00007f4e90166800 JavaThread "Reference Handler" daemon [_thread_blocked, id=12493, stack(0x00007f4e6494f000,0x00007f4e64a50000)]
  0x00007f4e90168800 JavaThread "Finalizer" daemon [_thread_blocked, id=12494, stack(0x00007f4e6484e000,0x00007f4e6494f000)]
  0x00007f4e90171800 JavaThread "Signal Dispatcher" daemon [_thread_blocked, id=12495, stack(0x00007f4e6474d000,0x00007f4e6484e000)]
  0x00007f4e9017c000 JavaThread "C2 CompilerThread0" daemon [_thread_blocked, id=12496, stack(0x00007f4e6464c000,0x00007f4e6474d000)]
  0x00007f4e9017e000 JavaThread "C2 CompilerThread1" daemon [_thread_blocked, id=12497, stack(0x00007f4e6454b000,0x00007f4e6464c000)]
  0x00007f4e90180000 JavaThread "C1 CompilerThread2" daemon [_thread_blocked, id=12498, stack(0x00007f4e6444a000,0x00007f4e6454b000)]
  0x00007f4e90182000 JavaThread "Sweeper thread" daemon [_thread_blocked, id=12499, stack(0x00007f4e64349000,0x00007f4e6444a000)]
  0x00007f4e90247000 JavaThread "Service Thread" daemon [_thread_blocked, id=12500, stack(0x00007f4e64248000,0x00007f4e64349000)]
  0x00007f4e90251000 JavaThread "Common-Cleaner" daemon [_thread_blocked, id=12501, stack(0x00007f4e64147000,0x00007f4e64248000)]
  0x00007f4e902e9800 JavaThread "surefire-forkedjvm-command-thread" daemon [_thread_blocked, id=12503, stack(0x00007f4e59108000,0x00007f4e59209000)]
  0x00007f4e9033f000 JavaThread "surefire-forkedjvm-ping-30s" daemon [_thread_blocked, id=12504, stack(0x00007f4e58bfe000,0x00007f4e58cff000)]
  0x00007f4e0801e800 JavaThread "process reaper" daemon [_thread_blocked, id=12507, stack(0x00007f4e97af2000,0x00007f4e97b14000)]
  0x00007f4e90cbe000 JavaThread "Abandoned connection cleanup thread" daemon [_thread_blocked, id=12555, stack(0x00007f4e580fd000,0x00007f4e581fe000)]

Other Threads:
=>0x00007f4e9015c800 VMThread "VM Thread" [stack: 0x00007f4e7408d000,0x00007f4e7418d000] [id=12488]
  0x00007f4e90255000 WatcherThread [stack: 0x00007f4e64047000,0x00007f4e64147000] [id=12502]
  0x00007f4e9002a000 GCTaskThread "GC Thread#0" [stack: 0x00007f4e940e6000,0x00007f4e941e6000] [id=12477]
  0x00007f4e9002b800 GCTaskThread "GC Thread#1" [stack: 0x00007f4e75b3a000,0x00007f4e75c3a000] [id=12478]
  0x00007f4e9002d800 GCTaskThread "GC Thread#2" [stack: 0x00007f4e75a38000,0x00007f4e75b38000] [id=12479]
  0x00007f4e9002f000 GCTaskThread "GC Thread#3" [stack: 0x00007f4e75936000,0x00007f4e75a36000] [id=12480]
  0x00007f4e90080000 ConcurrentGCThread "G1 Main Marker" [stack: 0x00007f4e74b9f000,0x00007f4e74c9f000] [id=12481]
  0x00007f4e90081800 ConcurrentGCThread "G1 Conc#0" [stack: 0x00007f4e74a9d000,0x00007f4e74b9d000] [id=12482]
  0x00007f4e900ce000 ConcurrentGCThread "G1 Refine#0" [stack: 0x00007f4e74597000,0x00007f4e74697000] [id=12483]
  0x00007f4e900cf800 ConcurrentGCThread "G1 Refine#1" [stack: 0x00007f4e74495000,0x00007f4e74595000] [id=12484]
  0x00007f4e900d1800 ConcurrentGCThread "G1 Refine#2" [stack: 0x00007f4e74393000,0x00007f4e74493000] [id=12485]
  0x00007f4e900d3000 ConcurrentGCThread "G1 Refine#3" [stack: 0x00007f4e74291000,0x00007f4e74391000] [id=12486]
  0x00007f4e900d5000 ConcurrentGCThread "G1 Young RemSet Sampling" [stack: 0x00007f4e7418f000,0x00007f4e7428f000] [id=12487]

Threads with active compile tasks:
C2 CompilerThread09333   !   4       org.springframework.beans.factory.support.DefaultListableBeanFactory::doGetBeanNamesForType (593 bytes)
C2 CompilerThread19341       4       com.sun.beans.TypeResolver::resolve (37 bytes)

VM state:at safepoint (normal execution)

VM Mutex/Monitor currently owned by a thread:  ([mutex/lock_event])
[0x00007f4e9000dd80] Threads_lock - owner thread: 0x00007f4e9015c800
[0x00007f4e9000e320] Heap_lock - owner thread: 0x00007f4e90011800

Heap address: 0x00000000a4a00000, size: 1462 MB, Compressed Oops mode: 32-bit
Narrow klass base: 0x0000000000000000, Narrow klass shift: 3
Compressed class space size: 1073741824 Address: 0x0000000100000000

Heap:
 garbage-first heap   total 509952K, used 47680K [0x00000000a4a00000, 0x0000000100000000)
  region size 1024K, 2 young (2048K), 2 survivors (2048K)
 Metaspace       used 60898K, capacity 62299K, committed 62464K, reserved 1103872K
  class space    used 7157K, capacity 7650K, committed 7680K, reserved 1048576K
Heap Regions: E=young(eden), S=young(survivor), O=old, HS=humongous(starts), HC=humongous(continues), CS=collection set, F=free, A=archive, TS=gc time stamp, AC=allocation context, TAMS=top-at-mark-start (previous, next)
|   0|0x00000000a4a00000, 0x00000000a4b00000, 0x00000000a4b00000|100%|HS|  |TS  0|AC  0|TAMS 0x00000000a4b00000, 0x00000000a4b00000|
|   1|0x00000000a4b00000, 0x00000000a4c00000, 0x00000000a4c00000|100%| O|  |TS  0|AC  0|TAMS 0x00000000a4c00000, 0x00000000a4c00000|
|   2|0x00000000a4c00000, 0x00000000a4d00000, 0x00000000a4d00000|100%| O|  |TS  0|AC  0|TAMS 0x00000000a4d00000, 0x00000000a4d00000|
|   3|0x00000000a4d00000, 0x00000000a4e00000, 0x00000000a4e00000|100%| O|  |TS  0|AC  0|TAMS 0x00000000a4e00000, 0x00000000a4e00000|
|   4|0x00000000a4e00000, 0x00000000a4f00000, 0x00000000a4f00000|100%| O|  |TS  0|AC  0|TAMS 0x00000000a4f00000, 0x00000000a4f00000|
|   5|0x00000000a4f00000, 0x00000000a5000000, 0x00000000a5000000|100%| O|  |TS  0|AC  0|TAMS 0x00000000a5000000, 0x00000000a5000000|
|   6|0x00000000a5000000, 0x00000000a5100000, 0x00000000a5100000|100%| O|  |TS  0|AC  0|TAMS 0x00000000a5100000, 0x00000000a5100000|
|   7|0x00000000a5100000, 0x00000000a5200000, 0x00000000a5200000|100%| O|  |TS  0|AC  0|TAMS 0x00000000a5200000, 0x00000000a5200000|
|   8|0x00000000a5200000, 0x00000000a5300000, 0x00000000a5300000|100%| O|  |TS  0|AC  0|TAMS 0x00000000a5300000, 0x00000000a5300000|
|   9|0x00000000a5300000, 0x00000000a5400000, 0x00000000a5400000|100%| O|  |TS  0|AC  0|TAMS 0x00000000a5400000, 0x00000000a5400000|
|  10|0x00000000a5400000, 0x00000000a5500000, 0x00000000a5500000|100%| O|  |TS  0|AC  0|TAMS 0x00000000a5500000, 0x00000000a5500000|
|  11|0x00000000a5500000, 0x00000000a5600000, 0x00000000a5600000|100%| O|  |TS  0|AC  0|TAMS 0x00000000a5600000, 0x00000000a5600000|
|  12|0x00000000a5600000, 0x00000000a5700000, 0x00000000a5700000|100%| O|  |TS  0|AC  0|TAMS 0x00000000a5700000, 0x00000000a5700000|
|  13|0x00000000a5700000, 0x00000000a5800000, 0x00000000a5800000|100%| O|  |TS  4|AC  0|TAMS 0x00000000a5700000, 0x00000000a5700000|
|  14|0x00000000a5800000, 0x00000000a5900000, 0x00000000a5900000|100%| O|  |TS  0|AC  0|TAMS 0x00000000a5900000, 0x00000000a5900000|
|  15|0x00000000a5900000, 0x00000000a5a00000, 0x00000000a5a00000|100%| O|  |TS  0|AC  0|TAMS 0x00000000a5a00000, 0x00000000a5a00000|
|  16|0x00000000a5a00000, 0x00000000a5b00000, 0x00000000a5b00000|100%| O|  |TS  0|AC  0|TAMS 0x00000000a5b00000, 0x00000000a5b00000|
|  17|0x00000000a5b00000, 0x00000000a5c00000, 0x00000000a5c00000|100%| O|  |TS  0|AC  0|TAMS 0x00000000a5c00000, 0x00000000a5c00000|
|  18|0x00000000a5c00000, 0x00000000a5d00000, 0x00000000a5d00000|100%| O|  |TS  0|AC  0|TAMS 0x00000000a5d00000, 0x00000000a5d00000|
|  19|0x00000000a5d00000, 0x00000000a5e00000, 0x00000000a5e00000|100%| O|  |TS  0|AC  0|TAMS 0x00000000a5e00000, 0x00000000a5e00000|
|  20|0x00000000a5e00000, 0x00000000a5f00000, 0x00000000a5f00000|100%| O|  |TS  0|AC  0|TAMS 0x00000000a5f00000, 0x00000000a5f00000|
|  21|0x00000000a5f00000, 0x00000000a6000000, 0x00000000a6000000|100%| O|  |TS  0|AC  0|TAMS 0x00000000a6000000, 0x00000000a6000000|
|  22|0x00000000a6000000, 0x00000000a6100000, 0x00000000a6100000|100%| O|  |TS  0|AC  0|TAMS 0x00000000a6100000, 0x00000000a6100000|
|  23|0x00000000a6100000, 0x00000000a6200000, 0x00000000a6200000|100%| O|  |TS  4|AC  0|TAMS 0x00000000a6100000, 0x00000000a6100000|
|  24|0x00000000a6200000, 0x00000000a6300000, 0x00000000a6300000|100%| O|  |TS  2|AC  0|TAMS 0x00000000a62c2600, 0x00000000a62c2600|
|  25|0x00000000a6300000, 0x00000000a6400000, 0x00000000a6400000|100%| O|  |TS  2|AC  0|TAMS 0x00000000a6300000, 0x00000000a6300000|
|  26|0x00000000a6400000, 0x00000000a6500000, 0x00000000a6500000|100%| O|  |TS  2|AC  0|TAMS 0x00000000a6400000, 0x00000000a6400000|
|  27|0x00000000a6500000, 0x00000000a6600000, 0x00000000a6600000|100%| O|  |TS  2|AC  0|TAMS 0x00000000a6500000, 0x00000000a6500000|
|  28|0x00000000a6600000, 0x00000000a6700000, 0x00000000a6700000|100%| O|  |TS  2|AC  0|TAMS 0x00000000a6600000, 0x00000000a6600000|
|  29|0x00000000a6700000, 0x00000000a6800000, 0x00000000a6800000|100%| O|  |TS  4|AC  0|TAMS 0x00000000a6700000, 0x00000000a6700000|
|  30|0x00000000a6800000, 0x00000000a6900000, 0x00000000a6900000|100%| O|  |TS  6|AC  0|TAMS 0x00000000a6800000, 0x00000000a6800000|
|  31|0x00000000a6900000, 0x00000000a6a00000, 0x00000000a6a00000|100%| O|  |TS  6|AC  0|TAMS 0x00000000a6900000, 0x00000000a6900000|
|  32|0x00000000a6a00000, 0x00000000a6b00000, 0x00000000a6b00000|100%| O|  |TS  8|AC  0|TAMS 0x00000000a6a00000, 0x00000000a6a00000|
|  33|0x00000000a6b00000, 0x00000000a6c00000, 0x00000000a6c00000|100%| O|  |TS  8|AC  0|TAMS 0x00000000a6b00000, 0x00000000a6b00000|
|  34|0x00000000a6c00000, 0x00000000a6d00000, 0x00000000a6d00000|100%| O|  |TS  8|AC  0|TAMS 0x00000000a6c00000, 0x00000000a6c00000|
|  35|0x00000000a6d00000, 0x00000000a6e00000, 0x00000000a6e00000|100%| O|  |TS 11|AC  0|TAMS 0x00000000a6d00000, 0x00000000a6d00000|
|  36|0x00000000a6e00000, 0x00000000a6f00000, 0x00000000a6f00000|100%| O|  |TS 14|AC  0|TAMS 0x00000000a6e00000, 0x00000000a6e00000|
|  37|0x00000000a6f00000, 0x00000000a7000000, 0x00000000a7000000|100%| O|  |TS 14|AC  0|TAMS 0x00000000a6f00000, 0x00000000a6f00000|
|  38|0x00000000a7000000, 0x00000000a7100000, 0x00000000a7100000|100%| O|  |TS 14|AC  0|TAMS 0x00000000a7000000, 0x00000000a7000000|
|  39|0x00000000a7100000, 0x00000000a7200000, 0x00000000a7200000|100%| O|  |TS 14|AC  0|TAMS 0x00000000a7100000, 0x00000000a7100000|
|  40|0x00000000a7200000, 0x00000000a7300000, 0x00000000a7300000|100%| O|  |TS 16|AC  0|TAMS 0x00000000a7200000, 0x00000000a7200000|
|  41|0x00000000a7300000, 0x00000000a7400000, 0x00000000a7400000|100%| O|  |TS 19|AC  0|TAMS 0x00000000a7300000, 0x00000000a7300000|
|  42|0x00000000a7400000, 0x00000000a7500000, 0x00000000a7500000|100%| O|  |TS 20|AC  0|TAMS 0x00000000a7400000, 0x00000000a7400000|
|  43|0x00000000a7500000, 0x00000000a7600000, 0x00000000a7600000|100%| O|  |TS 21|AC  0|TAMS 0x00000000a7500000, 0x00000000a7500000|
|  44|0x00000000a7600000, 0x00000000a7700000, 0x00000000a7700000|100%| O|  |TS 22|AC  0|TAMS 0x00000000a7600000, 0x00000000a7600000|
|  45|0x00000000a7700000, 0x00000000a7700000, 0x00000000a7800000|  0%| F|  |TS  6|AC  0|TAMS 0x00000000a7700000, 0x00000000a7700000|
|  46|0x00000000a7800000, 0x00000000a7800000, 0x00000000a7900000|  0%| F|  |TS  8|AC  0|TAMS 0x00000000a7800000, 0x00000000a7800000|
|  47|0x00000000a7900000, 0x00000000a7900000, 0x00000000a7a00000|  0%| F|  |TS  8|AC  0|TAMS 0x00000000a7900000, 0x00000000a7900000|
|  48|0x00000000a7a00000, 0x00000000a7a00000, 0x00000000a7b00000|  0%| F|  |TS  8|AC  0|TAMS 0x00000000a7a00000, 0x00000000a7a00000|
|  49|0x00000000a7b00000, 0x00000000a7b00000, 0x00000000a7c00000|  0%| F|  |TS  8|AC  0|TAMS 0x00000000a7b00000, 0x00000000a7b00000|
|  50|0x00000000a7c00000, 0x00000000a7c00000, 0x00000000a7d00000|  0%| F|  |TS  7|AC  0|TAMS 0x00000000a7c00000, 0x00000000a7c00000|
|  51|0x00000000a7d00000, 0x00000000a7d00000, 0x00000000a7e00000|  0%| F|  |TS  7|AC  0|TAMS 0x00000000a7d00000, 0x00000000a7d00000|
|  52|0x00000000a7e00000, 0x00000000a7e00000, 0x00000000a7f00000|  0%| F|  |TS  7|AC  0|TAMS 0x00000000a7e00000, 0x00000000a7e00000|
|  53|0x00000000a7f00000, 0x00000000a7f00000, 0x00000000a8000000|  0%| F|  |TS  7|AC  0|TAMS 0x00000000a7f00000, 0x00000000a7f00000|
|  54|0x00000000a8000000, 0x00000000a8000000, 0x00000000a8100000|  0%| F|  |TS  7|AC  0|TAMS 0x00000000a8000000, 0x00000000a8000000|
|  55|0x00000000a8100000, 0x00000000a8100000, 0x00000000a8200000|  0%| F|  |TS  7|AC  0|TAMS 0x00000000a8100000, 0x00000000a8100000|
|  56|0x00000000a8200000, 0x00000000a8200000, 0x00000000a8300000|  0%| F|  |TS 12|AC  0|TAMS 0x00000000a8200000, 0x00000000a8200000|
|  57|0x00000000a8300000, 0x00000000a8300000, 0x00000000a8400000|  0%| F|  |TS 12|AC  0|TAMS 0x00000000a8300000, 0x00000000a8300000|
|  58|0x00000000a8400000, 0x00000000a8400000, 0x00000000a8500000|  0%| F|  |TS 12|AC  0|TAMS 0x00000000a8400000, 0x00000000a8400000|
|  59|0x00000000a8500000, 0x00000000a8500000, 0x00000000a8600000|  0%| F|  |TS 11|AC  0|TAMS 0x00000000a8500000, 0x00000000a8500000|
|  60|0x00000000a8600000, 0x00000000a8600000, 0x00000000a8700000|  0%| F|  |TS 11|AC  0|TAMS 0x00000000a8600000, 0x00000000a8600000|
|  61|0x00000000a8700000, 0x00000000a8700000, 0x00000000a8800000|  0%| F|  |TS 11|AC  0|TAMS 0x00000000a8700000, 0x00000000a8700000|
|  62|0x00000000a8800000, 0x00000000a8800000, 0x00000000a8900000|  0%| F|  |TS 11|AC  0|TAMS 0x00000000a8800000, 0x00000000a8800000|
|  63|0x00000000a8900000, 0x00000000a8900000, 0x00000000a8a00000|  0%| F|  |TS 12|AC  0|TAMS 0x00000000a8900000, 0x00000000a8900000|
|  64|0x00000000a8a00000, 0x00000000a8a00000, 0x00000000a8b00000|  0%| F|  |TS 12|AC  0|TAMS 0x00000000a8a00000, 0x00000000a8a00000|
|  65|0x00000000a8b00000, 0x00000000a8b00000, 0x00000000a8c00000|  0%| F|  |TS 11|AC  0|TAMS 0x00000000a8b00000, 0x00000000a8b00000|
|  66|0x00000000a8c00000, 0x00000000a8c00000, 0x00000000a8d00000|  0%| F|  |TS 11|AC  0|TAMS 0x00000000a8c00000, 0x00000000a8c00000|
|  67|0x00000000a8d00000, 0x00000000a8d00000, 0x00000000a8e00000|  0%| F|  |TS 11|AC  0|TAMS 0x00000000a8d00000, 0x00000000a8d00000|
|  68|0x00000000a8e00000, 0x00000000a8e00000, 0x00000000a8f00000|  0%| F|  |TS 11|AC  0|TAMS 0x00000000a8e00000, 0x00000000a8e00000|
|  69|0x00000000a8f00000, 0x00000000a8f00000, 0x00000000a9000000|  0%| F|  |TS 11|AC  0|TAMS 0x00000000a8f00000, 0x00000000a8f00000|
|  70|0x00000000a9000000, 0x00000000a9000000, 0x00000000a9100000|  0%| F|  |TS 11|AC  0|TAMS 0x00000000a9000000, 0x00000000a9000000|
|  71|0x00000000a9100000, 0x00000000a9100000, 0x00000000a9200000|  0%| F|  |TS 11|AC  0|TAMS 0x00000000a9100000, 0x00000000a9100000|
|  72|0x00000000a9200000, 0x00000000a9200000, 0x00000000a9300000|  0%| F|  |TS 11|AC  0|TAMS 0x00000000a9200000, 0x00000000a9200000|
|  73|0x00000000a9300000, 0x00000000a9300000, 0x00000000a9400000|  0%| F|  |TS 11|AC  0|TAMS 0x00000000a9300000, 0x00000000a9300000|
|  74|0x00000000a9400000, 0x00000000a9400000, 0x00000000a9500000|  0%| F|  |TS 11|AC  0|TAMS 0x00000000a9400000, 0x00000000a9400000|
|  75|0x00000000a9500000, 0x00000000a9500000, 0x00000000a9600000|  0%| F|  |TS 11|AC  0|TAMS 0x00000000a9500000, 0x00000000a9500000|
|  76|0x00000000a9600000, 0x00000000a9600000, 0x00000000a9700000|  0%| F|  |TS 11|AC  0|TAMS 0x00000000a9600000, 0x00000000a9600000|
|  77|0x00000000a9700000, 0x00000000a9700000, 0x00000000a9800000|  0%| F|  |TS 11|AC  0|TAMS 0x00000000a9700000, 0x00000000a9700000|
|  78|0x00000000a9800000, 0x00000000a9800000, 0x00000000a9900000|  0%| F|  |TS 11|AC  0|TAMS 0x00000000a9800000, 0x00000000a9800000|
|  79|0x00000000a9900000, 0x00000000a9900000, 0x00000000a9a00000|  0%| F|  |TS 11|AC  0|TAMS 0x00000000a9900000, 0x00000000a9900000|
|  80|0x00000000a9a00000, 0x00000000a9a00000, 0x00000000a9b00000|  0%| F|  |TS 11|AC  0|TAMS 0x00000000a9a00000, 0x00000000a9a00000|
|  81|0x00000000a9b00000, 0x00000000a9b00000, 0x00000000a9c00000|  0%| F|  |TS 11|AC  0|TAMS 0x00000000a9b00000, 0x00000000a9b00000|
|  82|0x00000000a9c00000, 0x00000000a9c00000, 0x00000000a9d00000|  0%| F|  |TS 11|AC  0|TAMS 0x00000000a9c00000, 0x00000000a9c00000|
|  83|0x00000000a9d00000, 0x00000000a9d00000, 0x00000000a9e00000|  0%| F|  |TS 11|AC  0|TAMS 0x00000000a9d00000, 0x00000000a9d00000|
|  84|0x00000000a9e00000, 0x00000000a9e00000, 0x00000000a9f00000|  0%| F|  |TS 11|AC  0|TAMS 0x00000000a9e00000, 0x00000000a9e00000|
|  85|0x00000000a9f00000, 0x00000000a9f00000, 0x00000000aa000000|  0%| F|  |TS 11|AC  0|TAMS 0x00000000a9f00000, 0x00000000a9f00000|
|  86|0x00000000aa000000, 0x00000000aa000000, 0x00000000aa100000|  0%| F|  |TS 11|AC  0|TAMS 0x00000000aa000000, 0x00000000aa000000|
|  87|0x00000000aa100000, 0x00000000aa100000, 0x00000000aa200000|  0%| F|  |TS 11|AC  0|TAMS 0x00000000aa100000, 0x00000000aa100000|
|  88|0x00000000aa200000, 0x00000000aa200000, 0x00000000aa300000|  0%| F|  |TS 11|AC  0|TAMS 0x00000000aa200000, 0x00000000aa200000|
|  89|0x00000000aa300000, 0x00000000aa300000, 0x00000000aa400000|  0%| F|  |TS 11|AC  0|TAMS 0x00000000aa300000, 0x00000000aa300000|
|  90|0x00000000aa400000, 0x00000000aa400000, 0x00000000aa500000|  0%| F|  |TS 11|AC  0|TAMS 0x00000000aa400000, 0x00000000aa400000|
|  91|0x00000000aa500000, 0x00000000aa500000, 0x00000000aa600000|  0%| F|  |TS 11|AC  0|TAMS 0x00000000aa500000, 0x00000000aa500000|
|  92|0x00000000aa600000, 0x00000000aa600000, 0x00000000aa700000|  0%| F|  |TS 11|AC  0|TAMS 0x00000000aa600000, 0x00000000aa600000|
|  93|0x00000000aa700000, 0x00000000aa700000, 0x00000000aa800000|  0%| F|  |TS 11|AC  0|TAMS 0x00000000aa700000, 0x00000000aa700000|
|  94|0x00000000aa800000, 0x00000000aa800000, 0x00000000aa900000|  0%| F|  |TS 11|AC  0|TAMS 0x00000000aa800000, 0x00000000aa800000|
|  95|0x00000000aa900000, 0x00000000aa900000, 0x00000000aaa00000|  0%| F|  |TS 11|AC  0|TAMS 0x00000000aa900000, 0x00000000aa900000|
|  96|0x00000000aaa00000, 0x00000000aaa00000, 0x00000000aab00000|  0%| F|  |TS 11|AC  0|TAMS 0x00000000aaa00000, 0x00000000aaa00000|
|  97|0x00000000aab00000, 0x00000000aab00000, 0x00000000aac00000|  0%| F|  |TS 11|AC  0|TAMS 0x00000000aab00000, 0x00000000aab00000|
|  98|0x00000000aac00000, 0x00000000aac00000, 0x00000000aad00000|  0%| F|  |TS 11|AC  0|TAMS 0x00000000aac00000, 0x00000000aac00000|
|  99|0x00000000aad00000, 0x00000000aad00000, 0x00000000aae00000|  0%| F|  |TS 11|AC  0|TAMS 0x00000000aad00000, 0x00000000aad00000|
| 100|0x00000000aae00000, 0x00000000aae00000, 0x00000000aaf00000|  0%| F|  |TS 11|AC  0|TAMS 0x00000000aae00000, 0x00000000aae00000|
| 101|0x00000000aaf00000, 0x00000000aaf00000, 0x00000000ab000000|  0%| F|  |TS 11|AC  0|TAMS 0x00000000aaf00000, 0x00000000aaf00000|
| 102|0x00000000ab000000, 0x00000000ab000000, 0x00000000ab100000|  0%| F|  |TS 11|AC  0|TAMS 0x00000000ab000000, 0x00000000ab000000|
| 103|0x00000000ab100000, 0x00000000ab100000, 0x00000000ab200000|  0%| F|  |TS 11|AC  0|TAMS 0x00000000ab100000, 0x00000000ab100000|
| 104|0x00000000ab200000, 0x00000000ab200000, 0x00000000ab300000|  0%| F|  |TS 11|AC  0|TAMS 0x00000000ab200000, 0x00000000ab200000|
| 105|0x00000000ab300000, 0x00000000ab300000, 0x00000000ab400000|  0%| F|  |TS 11|AC  0|TAMS 0x00000000ab300000, 0x00000000ab300000|
| 106|0x00000000ab400000, 0x00000000ab400000, 0x00000000ab500000|  0%| F|  |TS 11|AC  0|TAMS 0x00000000ab400000, 0x00000000ab400000|
| 107|0x00000000ab500000, 0x00000000ab500000, 0x00000000ab600000|  0%| F|  |TS 11|AC  0|TAMS 0x00000000ab500000, 0x00000000ab500000|
| 108|0x00000000ab600000, 0x00000000ab600000, 0x00000000ab700000|  0%| F|  |TS 11|AC  0|TAMS 0x00000000ab600000, 0x00000000ab600000|
| 109|0x00000000ab700000, 0x00000000ab700000, 0x00000000ab800000|  0%| F|  |TS 11|AC  0|TAMS 0x00000000ab700000, 0x00000000ab700000|
| 110|0x00000000ab800000, 0x00000000ab800000, 0x00000000ab900000|  0%| F|  |TS 11|AC  0|TAMS 0x00000000ab800000, 0x00000000ab800000|
| 111|0x00000000ab900000, 0x00000000ab900000, 0x00000000aba00000|  0%| F|  |TS 11|AC  0|TAMS 0x00000000ab900000, 0x00000000ab900000|
| 112|0x00000000aba00000, 0x00000000aba00000, 0x00000000abb00000|  0%| F|  |TS 11|AC  0|TAMS 0x00000000aba00000, 0x00000000aba00000|
| 113|0x00000000abb00000, 0x00000000abb00000, 0x00000000abc00000|  0%| F|  |TS 11|AC  0|TAMS 0x00000000abb00000, 0x00000000abb00000|
| 114|0x00000000abc00000, 0x00000000abc00000, 0x00000000abd00000|  0%| F|  |TS 11|AC  0|TAMS 0x00000000abc00000, 0x00000000abc00000|
| 115|0x00000000abd00000, 0x00000000abd00000, 0x00000000abe00000|  0%| F|  |TS 11|AC  0|TAMS 0x00000000abd00000, 0x00000000abd00000|
| 116|0x00000000abe00000, 0x00000000abe00000, 0x00000000abf00000|  0%| F|  |TS 11|AC  0|TAMS 0x00000000abe00000, 0x00000000abe00000|
| 117|0x00000000abf00000, 0x00000000abf00000, 0x00000000ac000000|  0%| F|  |TS 11|AC  0|TAMS 0x00000000abf00000, 0x00000000abf00000|
| 118|0x00000000ac000000, 0x00000000ac000000, 0x00000000ac100000|  0%| F|  |TS 11|AC  0|TAMS 0x00000000ac000000, 0x00000000ac000000|
| 119|0x00000000ac100000, 0x00000000ac100000, 0x00000000ac200000|  0%| F|  |TS 11|AC  0|TAMS 0x00000000ac100000, 0x00000000ac100000|
| 120|0x00000000ac200000, 0x00000000ac200000, 0x00000000ac300000|  0%| F|  |TS 11|AC  0|TAMS 0x00000000ac200000, 0x00000000ac200000|
| 121|0x00000000ac300000, 0x00000000ac300000, 0x00000000ac400000|  0%| F|  |TS 11|AC  0|TAMS 0x00000000ac300000, 0x00000000ac300000|
| 122|0x00000000ac400000, 0x00000000ac400000, 0x00000000ac500000|  0%| F|  |TS 11|AC  0|TAMS 0x00000000ac400000, 0x00000000ac400000|
| 123|0x00000000ac500000, 0x00000000ac500000, 0x00000000ac600000|  0%| F|  |TS 11|AC  0|TAMS 0x00000000ac500000, 0x00000000ac500000|
| 124|0x00000000ac600000, 0x00000000ac600000, 0x00000000ac700000|  0%| F|  |TS 11|AC  0|TAMS 0x00000000ac600000, 0x00000000ac600000|
| 125|0x00000000ac700000, 0x00000000ac700000, 0x00000000ac800000|  0%| F|  |TS 11|AC  0|TAMS 0x00000000ac700000, 0x00000000ac700000|
| 126|0x00000000ac800000, 0x00000000ac800000, 0x00000000ac900000|  0%| F|  |TS 11|AC  0|TAMS 0x00000000ac800000, 0x00000000ac800000|
| 127|0x00000000ac900000, 0x00000000ac900000, 0x00000000aca00000|  0%| F|  |TS 11|AC  0|TAMS 0x00000000ac900000, 0x00000000ac900000|
| 128|0x00000000aca00000, 0x00000000aca00000, 0x00000000acb00000|  0%| F|  |TS 11|AC  0|TAMS 0x00000000aca00000, 0x00000000aca00000|
| 129|0x00000000acb00000, 0x00000000acb00000, 0x00000000acc00000|  0%| F|  |TS 11|AC  0|TAMS 0x00000000acb00000, 0x00000000acb00000|
| 130|0x00000000acc00000, 0x00000000acc00000, 0x00000000acd00000|  0%| F|  |TS 11|AC  0|TAMS 0x00000000acc00000, 0x00000000acc00000|
| 131|0x00000000acd00000, 0x00000000acd00000, 0x00000000ace00000|  0%| F|  |TS 11|AC  0|TAMS 0x00000000acd00000, 0x00000000acd00000|
| 132|0x00000000ace00000, 0x00000000ace00000, 0x00000000acf00000|  0%| F|  |TS 11|AC  0|TAMS 0x00000000ace00000, 0x00000000ace00000|
| 133|0x00000000acf00000, 0x00000000acf00000, 0x00000000ad000000|  0%| F|  |TS 11|AC  0|TAMS 0x00000000acf00000, 0x00000000acf00000|
| 134|0x00000000ad000000, 0x00000000ad000000, 0x00000000ad100000|  0%| F|  |TS 11|AC  0|TAMS 0x00000000ad000000, 0x00000000ad000000|
| 135|0x00000000ad100000, 0x00000000ad100000, 0x00000000ad200000|  0%| F|  |TS 11|AC  0|TAMS 0x00000000ad100000, 0x00000000ad100000|
| 136|0x00000000ad200000, 0x00000000ad200000, 0x00000000ad300000|  0%| F|  |TS 11|AC  0|TAMS 0x00000000ad200000, 0x00000000ad200000|
| 137|0x00000000ad300000, 0x00000000ad300000, 0x00000000ad400000|  0%| F|  |TS 11|AC  0|TAMS 0x00000000ad300000, 0x00000000ad300000|
| 138|0x00000000ad400000, 0x00000000ad400000, 0x00000000ad500000|  0%| F|  |TS 14|AC  0|TAMS 0x00000000ad400000, 0x00000000ad400000|
| 139|0x00000000ad500000, 0x00000000ad500000, 0x00000000ad600000|  0%| F|  |TS 14|AC  0|TAMS 0x00000000ad500000, 0x00000000ad500000|
| 140|0x00000000ad600000, 0x00000000ad600000, 0x00000000ad700000|  0%| F|  |TS 14|AC  0|TAMS 0x00000000ad600000, 0x00000000ad600000|
| 141|0x00000000ad700000, 0x00000000ad700000, 0x00000000ad800000|  0%| F|  |TS 14|AC  0|TAMS 0x00000000ad700000, 0x00000000ad700000|
| 142|0x00000000ad800000, 0x00000000ad800000, 0x00000000ad900000|  0%| F|  |TS 14|AC  0|TAMS 0x00000000ad800000, 0x00000000ad800000|
| 143|0x00000000ad900000, 0x00000000ad900000, 0x00000000ada00000|  0%| F|  |TS 13|AC  0|TAMS 0x00000000ad900000, 0x00000000ad900000|
| 144|0x00000000ada00000, 0x00000000ada00000, 0x00000000adb00000|  0%| F|  |TS 13|AC  0|TAMS 0x00000000ada00000, 0x00000000ada00000|
| 145|0x00000000adb00000, 0x00000000adb00000, 0x00000000adc00000|  0%| F|  |TS 13|AC  0|TAMS 0x00000000adb00000, 0x00000000adb00000|
| 146|0x00000000adc00000, 0x00000000adc00000, 0x00000000add00000|  0%| F|  |TS 13|AC  0|TAMS 0x00000000adc00000, 0x00000000adc00000|
| 147|0x00000000add00000, 0x00000000add00000, 0x00000000ade00000|  0%| F|  |TS 13|AC  0|TAMS 0x00000000add00000, 0x00000000add00000|
| 148|0x00000000ade00000, 0x00000000ade00000, 0x00000000adf00000|  0%| F|  |TS 13|AC  0|TAMS 0x00000000ade00000, 0x00000000ade00000|
| 149|0x00000000adf00000, 0x00000000adf00000, 0x00000000ae000000|  0%| F|  |TS 13|AC  0|TAMS 0x00000000adf00000, 0x00000000adf00000|
| 150|0x00000000ae000000, 0x00000000ae000000, 0x00000000ae100000|  0%| F|  |TS 13|AC  0|TAMS 0x00000000ae000000, 0x00000000ae000000|
| 151|0x00000000ae100000, 0x00000000ae100000, 0x00000000ae200000|  0%| F|  |TS 13|AC  0|TAMS 0x00000000ae100000, 0x00000000ae100000|
| 152|0x00000000ae200000, 0x00000000ae200000, 0x00000000ae300000|  0%| F|  |TS 13|AC  0|TAMS 0x00000000ae200000, 0x00000000ae200000|
| 153|0x00000000ae300000, 0x00000000ae300000, 0x00000000ae400000|  0%| F|  |TS 13|AC  0|TAMS 0x00000000ae300000, 0x00000000ae300000|
| 154|0x00000000ae400000, 0x00000000ae400000, 0x00000000ae500000|  0%| F|  |TS 13|AC  0|TAMS 0x00000000ae400000, 0x00000000ae400000|
| 155|0x00000000ae500000, 0x00000000ae500000, 0x00000000ae600000|  0%| F|  |TS 13|AC  0|TAMS 0x00000000ae500000, 0x00000000ae500000|
| 156|0x00000000ae600000, 0x00000000ae600000, 0x00000000ae700000|  0%| F|  |TS 13|AC  0|TAMS 0x00000000ae600000, 0x00000000ae600000|
| 157|0x00000000ae700000, 0x00000000ae700000, 0x00000000ae800000|  0%| F|  |TS 13|AC  0|TAMS 0x00000000ae700000, 0x00000000ae700000|
| 158|0x00000000ae800000, 0x00000000ae800000, 0x00000000ae900000|  0%| F|  |TS 13|AC  0|TAMS 0x00000000ae800000, 0x00000000ae800000|
| 159|0x00000000ae900000, 0x00000000ae900000, 0x00000000aea00000|  0%| F|  |TS 13|AC  0|TAMS 0x00000000ae900000, 0x00000000ae900000|
| 160|0x00000000aea00000, 0x00000000aea00000, 0x00000000aeb00000|  0%| F|  |TS 13|AC  0|TAMS 0x00000000aea00000, 0x00000000aea00000|
| 161|0x00000000aeb00000, 0x00000000aeb00000, 0x00000000aec00000|  0%| F|  |TS 13|AC  0|TAMS 0x00000000aeb00000, 0x00000000aeb00000|
| 162|0x00000000aec00000, 0x00000000aec00000, 0x00000000aed00000|  0%| F|  |TS 13|AC  0|TAMS 0x00000000aec00000, 0x00000000aec00000|
| 163|0x00000000aed00000, 0x00000000aed00000, 0x00000000aee00000|  0%| F|  |TS 13|AC  0|TAMS 0x00000000aed00000, 0x00000000aed00000|
| 164|0x00000000aee00000, 0x00000000aee00000, 0x00000000aef00000|  0%| F|  |TS 13|AC  0|TAMS 0x00000000aee00000, 0x00000000aee00000|
| 165|0x00000000aef00000, 0x00000000aef00000, 0x00000000af000000|  0%| F|  |TS 13|AC  0|TAMS 0x00000000aef00000, 0x00000000aef00000|
| 166|0x00000000af000000, 0x00000000af000000, 0x00000000af100000|  0%| F|  |TS 13|AC  0|TAMS 0x00000000af000000, 0x00000000af000000|
| 167|0x00000000af100000, 0x00000000af100000, 0x00000000af200000|  0%| F|  |TS 13|AC  0|TAMS 0x00000000af100000, 0x00000000af100000|
| 168|0x00000000af200000, 0x00000000af200000, 0x00000000af300000|  0%| F|  |TS 13|AC  0|TAMS 0x00000000af200000, 0x00000000af200000|
| 169|0x00000000af300000, 0x00000000af300000, 0x00000000af400000|  0%| F|  |TS 13|AC  0|TAMS 0x00000000af300000, 0x00000000af300000|
| 170|0x00000000af400000, 0x00000000af400000, 0x00000000af500000|  0%| F|  |TS 13|AC  0|TAMS 0x00000000af400000, 0x00000000af400000|
| 171|0x00000000af500000, 0x00000000af500000, 0x00000000af600000|  0%| F|  |TS 13|AC  0|TAMS 0x00000000af500000, 0x00000000af500000|
| 172|0x00000000af600000, 0x00000000af600000, 0x00000000af700000|  0%| F|  |TS 13|AC  0|TAMS 0x00000000af600000, 0x00000000af600000|
| 173|0x00000000af700000, 0x00000000af700000, 0x00000000af800000|  0%| F|  |TS 13|AC  0|TAMS 0x00000000af700000, 0x00000000af700000|
| 174|0x00000000af800000, 0x00000000af800000, 0x00000000af900000|  0%| F|  |TS 13|AC  0|TAMS 0x00000000af800000, 0x00000000af800000|
| 175|0x00000000af900000, 0x00000000af900000, 0x00000000afa00000|  0%| F|  |TS 13|AC  0|TAMS 0x00000000af900000, 0x00000000af900000|
| 176|0x00000000afa00000, 0x00000000afa00000, 0x00000000afb00000|  0%| F|  |TS 13|AC  0|TAMS 0x00000000afa00000, 0x00000000afa00000|
| 177|0x00000000afb00000, 0x00000000afb00000, 0x00000000afc00000|  0%| F|  |TS 13|AC  0|TAMS 0x00000000afb00000, 0x00000000afb00000|
| 178|0x00000000afc00000, 0x00000000afc00000, 0x00000000afd00000|  0%| F|  |TS 13|AC  0|TAMS 0x00000000afc00000, 0x00000000afc00000|
| 179|0x00000000afd00000, 0x00000000afd00000, 0x00000000afe00000|  0%| F|  |TS 13|AC  0|TAMS 0x00000000afd00000, 0x00000000afd00000|
| 180|0x00000000afe00000, 0x00000000afe00000, 0x00000000aff00000|  0%| F|  |TS 13|AC  0|TAMS 0x00000000afe00000, 0x00000000afe00000|
| 181|0x00000000aff00000, 0x00000000aff00000, 0x00000000b0000000|  0%| F|  |TS 13|AC  0|TAMS 0x00000000aff00000, 0x00000000aff00000|
| 182|0x00000000b0000000, 0x00000000b0000000, 0x00000000b0100000|  0%| F|  |TS 13|AC  0|TAMS 0x00000000b0000000, 0x00000000b0000000|
| 183|0x00000000b0100000, 0x00000000b0100000, 0x00000000b0200000|  0%| F|  |TS 13|AC  0|TAMS 0x00000000b0100000, 0x00000000b0100000|
| 184|0x00000000b0200000, 0x00000000b0200000, 0x00000000b0300000|  0%| F|  |TS 13|AC  0|TAMS 0x00000000b0200000, 0x00000000b0200000|
| 185|0x00000000b0300000, 0x00000000b0300000, 0x00000000b0400000|  0%| F|  |TS 13|AC  0|TAMS 0x00000000b0300000, 0x00000000b0300000|
| 186|0x00000000b0400000, 0x00000000b0400000, 0x00000000b0500000|  0%| F|  |TS 13|AC  0|TAMS 0x00000000b0400000, 0x00000000b0400000|
| 187|0x00000000b0500000, 0x00000000b0500000, 0x00000000b0600000|  0%| F|  |TS 13|AC  0|TAMS 0x00000000b0500000, 0x00000000b0500000|
| 188|0x00000000b0600000, 0x00000000b0600000, 0x00000000b0700000|  0%| F|  |TS 13|AC  0|TAMS 0x00000000b0600000, 0x00000000b0600000|
| 189|0x00000000b0700000, 0x00000000b0700000, 0x00000000b0800000|  0%| F|  |TS 13|AC  0|TAMS 0x00000000b0700000, 0x00000000b0700000|
| 190|0x00000000b0800000, 0x00000000b0800000, 0x00000000b0900000|  0%| F|  |TS 13|AC  0|TAMS 0x00000000b0800000, 0x00000000b0800000|
| 191|0x00000000b0900000, 0x00000000b0900000, 0x00000000b0a00000|  0%| F|  |TS 13|AC  0|TAMS 0x00000000b0900000, 0x00000000b0900000|
| 192|0x00000000b0a00000, 0x00000000b0a00000, 0x00000000b0b00000|  0%| F|  |TS 13|AC  0|TAMS 0x00000000b0a00000, 0x00000000b0a00000|
| 193|0x00000000b0b00000, 0x00000000b0b00000, 0x00000000b0c00000|  0%| F|  |TS 13|AC  0|TAMS 0x00000000b0b00000, 0x00000000b0b00000|
| 194|0x00000000b0c00000, 0x00000000b0c00000, 0x00000000b0d00000|  0%| F|  |TS 13|AC  0|TAMS 0x00000000b0c00000, 0x00000000b0c00000|
| 195|0x00000000b0d00000, 0x00000000b0d00000, 0x00000000b0e00000|  0%| F|  |TS 13|AC  0|TAMS 0x00000000b0d00000, 0x00000000b0d00000|
| 196|0x00000000b0e00000, 0x00000000b0e00000, 0x00000000b0f00000|  0%| F|  |TS 13|AC  0|TAMS 0x00000000b0e00000, 0x00000000b0e00000|
| 197|0x00000000b0f00000, 0x00000000b0f00000, 0x00000000b1000000|  0%| F|  |TS 13|AC  0|TAMS 0x00000000b0f00000, 0x00000000b0f00000|
| 198|0x00000000b1000000, 0x00000000b1000000, 0x00000000b1100000|  0%| F|  |TS 13|AC  0|TAMS 0x00000000b1000000, 0x00000000b1000000|
| 199|0x00000000b1100000, 0x00000000b1100000, 0x00000000b1200000|  0%| F|  |TS 13|AC  0|TAMS 0x00000000b1100000, 0x00000000b1100000|
| 200|0x00000000b1200000, 0x00000000b1200000, 0x00000000b1300000|  0%| F|  |TS 13|AC  0|TAMS 0x00000000b1200000, 0x00000000b1200000|
| 201|0x00000000b1300000, 0x00000000b1300000, 0x00000000b1400000|  0%| F|  |TS 13|AC  0|TAMS 0x00000000b1300000, 0x00000000b1300000|
| 202|0x00000000b1400000, 0x00000000b1400000, 0x00000000b1500000|  0%| F|  |TS 13|AC  0|TAMS 0x00000000b1400000, 0x00000000b1400000|
| 203|0x00000000b1500000, 0x00000000b1500000, 0x00000000b1600000|  0%| F|  |TS 13|AC  0|TAMS 0x00000000b1500000, 0x00000000b1500000|
| 204|0x00000000b1600000, 0x00000000b1600000, 0x00000000b1700000|  0%| F|  |TS 13|AC  0|TAMS 0x00000000b1600000, 0x00000000b1600000|
| 205|0x00000000b1700000, 0x00000000b1700000, 0x00000000b1800000|  0%| F|  |TS 13|AC  0|TAMS 0x00000000b1700000, 0x00000000b1700000|
| 206|0x00000000b1800000, 0x00000000b1800000, 0x00000000b1900000|  0%| F|  |TS 13|AC  0|TAMS 0x00000000b1800000, 0x00000000b1800000|
| 207|0x00000000b1900000, 0x00000000b1900000, 0x00000000b1a00000|  0%| F|  |TS 13|AC  0|TAMS 0x00000000b1900000, 0x00000000b1900000|
| 208|0x00000000b1a00000, 0x00000000b1a00000, 0x00000000b1b00000|  0%| F|  |TS 13|AC  0|TAMS 0x00000000b1a00000, 0x00000000b1a00000|
| 209|0x00000000b1b00000, 0x00000000b1b00000, 0x00000000b1c00000|  0%| F|  |TS 13|AC  0|TAMS 0x00000000b1b00000, 0x00000000b1b00000|
| 210|0x00000000b1c00000, 0x00000000b1c00000, 0x00000000b1d00000|  0%| F|  |TS 13|AC  0|TAMS 0x00000000b1c00000, 0x00000000b1c00000|
| 211|0x00000000b1d00000, 0x00000000b1d00000, 0x00000000b1e00000|  0%| F|  |TS 13|AC  0|TAMS 0x00000000b1d00000, 0x00000000b1d00000|
| 212|0x00000000b1e00000, 0x00000000b1e00000, 0x00000000b1f00000|  0%| F|  |TS 13|AC  0|TAMS 0x00000000b1e00000, 0x00000000b1e00000|
| 213|0x00000000b1f00000, 0x00000000b1f00000, 0x00000000b2000000|  0%| F|  |TS 13|AC  0|TAMS 0x00000000b1f00000, 0x00000000b1f00000|
| 214|0x00000000b2000000, 0x00000000b2000000, 0x00000000b2100000|  0%| F|  |TS 13|AC  0|TAMS 0x00000000b2000000, 0x00000000b2000000|
| 215|0x00000000b2100000, 0x00000000b2100000, 0x00000000b2200000|  0%| F|  |TS 13|AC  0|TAMS 0x00000000b2100000, 0x00000000b2100000|
| 216|0x00000000b2200000, 0x00000000b2200000, 0x00000000b2300000|  0%| F|  |TS 13|AC  0|TAMS 0x00000000b2200000, 0x00000000b2200000|
| 217|0x00000000b2300000, 0x00000000b2300000, 0x00000000b2400000|  0%| F|  |TS 13|AC  0|TAMS 0x00000000b2300000, 0x00000000b2300000|
| 218|0x00000000b2400000, 0x00000000b2400000, 0x00000000b2500000|  0%| F|  |TS 13|AC  0|TAMS 0x00000000b2400000, 0x00000000b2400000|
| 219|0x00000000b2500000, 0x00000000b2500000, 0x00000000b2600000|  0%| F|  |TS 13|AC  0|TAMS 0x00000000b2500000, 0x00000000b2500000|
| 220|0x00000000b2600000, 0x00000000b2600000, 0x00000000b2700000|  0%| F|  |TS 13|AC  0|TAMS 0x00000000b2600000, 0x00000000b2600000|
| 221|0x00000000b2700000, 0x00000000b2700000, 0x00000000b2800000|  0%| F|  |TS 13|AC  0|TAMS 0x00000000b2700000, 0x00000000b2700000|
| 222|0x00000000b2800000, 0x00000000b2800000, 0x00000000b2900000|  0%| F|  |TS 13|AC  0|TAMS 0x00000000b2800000, 0x00000000b2800000|
| 223|0x00000000b2900000, 0x00000000b2900000, 0x00000000b2a00000|  0%| F|  |TS 13|AC  0|TAMS 0x00000000b2900000, 0x00000000b2900000|
| 224|0x00000000b2a00000, 0x00000000b2a00000, 0x00000000b2b00000|  0%| F|  |TS 13|AC  0|TAMS 0x00000000b2a00000, 0x00000000b2a00000|
| 225|0x00000000b2b00000, 0x00000000b2b00000, 0x00000000b2c00000|  0%| F|  |TS 13|AC  0|TAMS 0x00000000b2b00000, 0x00000000b2b00000|
| 226|0x00000000b2c00000, 0x00000000b2c00000, 0x00000000b2d00000|  0%| F|  |TS 13|AC  0|TAMS 0x00000000b2c00000, 0x00000000b2c00000|
| 227|0x00000000b2d00000, 0x00000000b2d00000, 0x00000000b2e00000|  0%| F|  |TS 13|AC  0|TAMS 0x00000000b2d00000, 0x00000000b2d00000|
| 228|0x00000000b2e00000, 0x00000000b2e00000, 0x00000000b2f00000|  0%| F|  |TS 13|AC  0|TAMS 0x00000000b2e00000, 0x00000000b2e00000|
| 229|0x00000000b2f00000, 0x00000000b2f00000, 0x00000000b3000000|  0%| F|  |TS 13|AC  0|TAMS 0x00000000b2f00000, 0x00000000b2f00000|
| 230|0x00000000b3000000, 0x00000000b3000000, 0x00000000b3100000|  0%| F|  |TS 13|AC  0|TAMS 0x00000000b3000000, 0x00000000b3000000|
| 231|0x00000000b3100000, 0x00000000b3100000, 0x00000000b3200000|  0%| F|  |TS 13|AC  0|TAMS 0x00000000b3100000, 0x00000000b3100000|
| 232|0x00000000b3200000, 0x00000000b3200000, 0x00000000b3300000|  0%| F|  |TS 13|AC  0|TAMS 0x00000000b3200000, 0x00000000b3200000|
| 233|0x00000000b3300000, 0x00000000b3300000, 0x00000000b3400000|  0%| F|  |TS 13|AC  0|TAMS 0x00000000b3300000, 0x00000000b3300000|
| 234|0x00000000b3400000, 0x00000000b3400000, 0x00000000b3500000|  0%| F|  |TS 13|AC  0|TAMS 0x00000000b3400000, 0x00000000b3400000|
| 235|0x00000000b3500000, 0x00000000b3500000, 0x00000000b3600000|  0%| F|  |TS 13|AC  0|TAMS 0x00000000b3500000, 0x00000000b3500000|
| 236|0x00000000b3600000, 0x00000000b3600000, 0x00000000b3700000|  0%| F|  |TS 13|AC  0|TAMS 0x00000000b3600000, 0x00000000b3600000|
| 237|0x00000000b3700000, 0x00000000b37902d0, 0x00000000b3800000| 56%| S|CS|TS 22|AC  0|TAMS 0x00000000b3700000, 0x00000000b3700000|
| 238|0x00000000b3800000, 0x00000000b3900000, 0x00000000b3900000|100%| S|CS|TS 22|AC  0|TAMS 0x00000000b3800000, 0x00000000b3800000|
| 239|0x00000000b3900000, 0x00000000b3900000, 0x00000000b3a00000|  0%| F|  |TS 22|AC  0|TAMS 0x00000000b3900000, 0x00000000b3900000|
| 240|0x00000000b3a00000, 0x00000000b3a00000, 0x00000000b3b00000|  0%| F|  |TS 22|AC  0|TAMS 0x00000000b3a00000, 0x00000000b3a00000|
| 241|0x00000000b3b00000, 0x00000000b3b00000, 0x00000000b3c00000|  0%| F|  |TS 22|AC  0|TAMS 0x00000000b3b00000, 0x00000000b3b00000|
| 242|0x00000000b3c00000, 0x00000000b3c00000, 0x00000000b3d00000|  0%| F|  |TS 22|AC  0|TAMS 0x00000000b3c00000, 0x00000000b3c00000|
| 243|0x00000000b3d00000, 0x00000000b3d00000, 0x00000000b3e00000|  0%| F|  |TS 22|AC  0|TAMS 0x00000000b3d00000, 0x00000000b3d00000|
| 244|0x00000000b3e00000, 0x00000000b3e00000, 0x00000000b3f00000|  0%| F|  |TS 22|AC  0|TAMS 0x00000000b3e00000, 0x00000000b3e00000|
| 245|0x00000000b3f00000, 0x00000000b3f00000, 0x00000000b4000000|  0%| F|  |TS 22|AC  0|TAMS 0x00000000b3f00000, 0x00000000b3f00000|
| 246|0x00000000b4000000, 0x00000000b4000000, 0x00000000b4100000|  0%| F|  |TS 22|AC  0|TAMS 0x00000000b4000000, 0x00000000b4000000|
| 247|0x00000000b4100000, 0x00000000b4100000, 0x00000000b4200000|  0%| F|  |TS 22|AC  0|TAMS 0x00000000b4100000, 0x00000000b4100000|
| 248|0x00000000b4200000, 0x00000000b4200000, 0x00000000b4300000|  0%| F|  |TS 22|AC  0|TAMS 0x00000000b4200000, 0x00000000b4200000|
| 249|0x00000000b4300000, 0x00000000b4300000, 0x00000000b4400000|  0%| F|  |TS 22|AC  0|TAMS 0x00000000b4300000, 0x00000000b4300000|
| 250|0x00000000b4400000, 0x00000000b4400000, 0x00000000b4500000|  0%| F|  |TS 22|AC  0|TAMS 0x00000000b4400000, 0x00000000b4400000|
| 251|0x00000000b4500000, 0x00000000b4500000, 0x00000000b4600000|  0%| F|  |TS 22|AC  0|TAMS 0x00000000b4500000, 0x00000000b4500000|
| 252|0x00000000b4600000, 0x00000000b4600000, 0x00000000b4700000|  0%| F|  |TS 22|AC  0|TAMS 0x00000000b4600000, 0x00000000b4600000|
| 253|0x00000000b4700000, 0x00000000b4700000, 0x00000000b4800000|  0%| F|  |TS 22|AC  0|TAMS 0x00000000b4700000, 0x00000000b4700000|
| 254|0x00000000b4800000, 0x00000000b4800000, 0x00000000b4900000|  0%| F|  |TS 22|AC  0|TAMS 0x00000000b4800000, 0x00000000b4800000|
| 255|0x00000000b4900000, 0x00000000b4900000, 0x00000000b4a00000|  0%| F|  |TS 22|AC  0|TAMS 0x00000000b4900000, 0x00000000b4900000|

Card table byte_map: [0x00007f4e74f7a000,0x00007f4e75255000] byte_map_base: 0x00007f4e74a55000

Marking Bits (Prev, Next): (CMBitMap*) 0x00007f4e9007eef8, (CMBitMap*) 0x00007f4e9007eec0
 Prev Bits: [0x00007f4e65250000, 0x00007f4e66928000)
 Next Bits: [0x00007f4e66928000, 0x00007f4e68000000)

Polling page: 0x00007f4e97ce5000

CodeHeap 'non-profiled nmethods': size=120032Kb used=5978Kb max_used=5978Kb free=114053Kb
 bounds [0x00007f4e7d702000, 0x00007f4e7dce2000, 0x00007f4e84c3a000]
CodeHeap 'profiled nmethods': size=120032Kb used=17503Kb max_used=17503Kb free=102528Kb
 bounds [0x00007f4e761ca000, 0x00007f4e772fa000, 0x00007f4e7d702000]
CodeHeap 'non-nmethods': size=5696Kb used=1217Kb max_used=1278Kb free=4479Kb
 bounds [0x00007f4e75c3a000, 0x00007f4e75eaa000, 0x00007f4e761ca000]
 total_blobs=11937 nmethods=8480 adapters=515
 compilation: enabled

Compilation events (10 events):
Event: 69,060 Thread 0x00007f4e90180000 9482       2       java.util.concurrent.ScheduledThreadPoolExecutor$ScheduledFutureTask::compareTo (9 bytes)
Event: 69,060 Thread 0x00007f4e90180000 nmethod 9482 0x00007f4e772efe10 code [0x00007f4e772effc0, 0x00007f4e772f0188]
Event: 69,062 Thread 0x00007f4e90180000 9484       2       java.util.concurrent.ThreadPoolExecutor$Worker::unlock (7 bytes)
Event: 69,063 Thread 0x00007f4e90180000 nmethod 9484 0x00007f4e772f0290 code [0x00007f4e772f0440, 0x00007f4e772f0608]
Event: 69,063 Thread 0x00007f4e90180000 9485       2       java.util.concurrent.ThreadPoolExecutor$Worker::tryRelease (12 bytes)
Event: 69,064 Thread 0x00007f4e90180000 nmethod 9485 0x00007f4e772f0710 code [0x00007f4e772f08c0, 0x00007f4e772f0a50]
Event: 69,065 Thread 0x00007f4e90180000 9486       2       org.springframework.beans.CachedIntrospectionResults::isUnderneathClassLoader (33 bytes)
Event: 69,066 Thread 0x00007f4e90180000 nmethod 9486 0x00007f4e772f0b10 code [0x00007f4e772f0d00, 0x00007f4e772f10b8]
Event: 69,066 Thread 0x00007f4e90180000 9487       2       java.util.concurrent.atomic.AtomicBoolean::get (13 bytes)
Event: 69,067 Thread 0x00007f4e90180000 nmethod 9487 0x00007f4e772f1310 code [0x00007f4e772f14c0, 0x00007f4e772f1630]

GC Heap History (10 events):
Event: 66,511 GC heap after
{Heap after GC invocations=36 (full 0):
 garbage-first heap   total 262144K, used 43792K [0x00000000a4a00000, 0x0000000100000000)
  region size 1024K, 2 young (2048K), 2 survivors (2048K)
 Metaspace       used 60730K, capacity 62164K, committed 62208K, reserved 1103872K
  class space    used 7152K, capacity 7649K, committed 7680K, reserved 1048576K
}
Event: 67,645 GC heap before
{Heap before GC invocations=36 (full 0):
 garbage-first heap   total 262144K, used 54032K [0x00000000a4a00000, 0x0000000100000000)
  region size 1024K, 12 young (12288K), 2 survivors (2048K)
 Metaspace       used 60732K, capacity 62164K, committed 62208K, reserved 1103872K
  class space    used 7152K, capacity 7649K, committed 7680K, reserved 1048576K
}
Event: 67,653 GC heap after
{Heap after GC invocations=37 (full 0):
 garbage-first heap   total 262144K, used 44662K [0x00000000a4a00000, 0x0000000100000000)
  region size 1024K, 2 young (2048K), 2 survivors (2048K)
 Metaspace       used 60732K, capacity 62164K, committed 62208K, reserved 1103872K
  class space    used 7152K, capacity 7649K, committed 7680K, reserved 1048576K
}
Event: 68,350 GC heap before
{Heap before GC invocations=37 (full 0):
 garbage-first heap   total 262144K, used 54902K [0x00000000a4a00000, 0x0000000100000000)
  region size 1024K, 12 young (12288K), 2 survivors (2048K)
 Metaspace       used 60732K, capacity 62164K, committed 62208K, reserved 1103872K
  class space    used 7152K, capacity 7649K, committed 7680K, reserved 1048576K
}
Event: 68,355 GC heap after
{Heap after GC invocations=38 (full 0):
 garbage-first heap   total 262144K, used 45323K [0x00000000a4a00000, 0x0000000100000000)
  region size 1024K, 2 young (2048K), 2 survivors (2048K)
 Metaspace       used 60732K, capacity 62164K, committed 62208K, reserved 1103872K
  class space    used 7152K, capacity 7649K, committed 7680K, reserved 1048576K
}
Event: 68,517 GC heap before
{Heap before GC invocations=38 (full 0):
 garbage-first heap   total 262144K, used 57611K [0x00000000a4a00000, 0x0000000100000000)
  region size 1024K, 14 young (14336K), 2 survivors (2048K)
 Metaspace       used 60737K, capacity 62165K, committed 62208K, reserved 1103872K
  class space    used 7152K, capacity 7649K, committed 7680K, reserved 1048576K
}
Event: 68,525 GC heap after
{Heap after GC invocations=39 (full 0):
 garbage-first heap   total 262144K, used 46364K [0x00000000a4a00000, 0x0000000100000000)
  region size 1024K, 2 young (2048K), 2 survivors (2048K)
 Metaspace       used 60737K, capacity 62165K, committed 62208K, reserved 1103872K
  class space    used 7152K, capacity 7649K, committed 7680K, reserved 1048576K
}
Event: 68,902 GC heap before
{Heap before GC invocations=39 (full 0):
 garbage-first heap   total 262144K, used 59676K [0x00000000a4a00000, 0x0000000100000000)
  region size 1024K, 15 young (15360K), 2 survivors (2048K)
 Metaspace       used 60780K, capacity 62165K, committed 62208K, reserved 1103872K
  class space    used 7152K, capacity 7649K, committed 7680K, reserved 1048576K
}
Event: 68,908 GC heap after
{Heap after GC invocations=40 (full 0):
 garbage-first heap   total 262144K, used 47545K [0x00000000a4a00000, 0x0000000100000000)
  region size 1024K, 2 young (2048K), 2 survivors (2048K)
 Metaspace       used 60780K, capacity 62165K, committed 62208K, reserved 1103872K
  class space    used 7152K, capacity 7649K, committed 7680K, reserved 1048576K
}
Event: 69,104 GC heap before
{Heap before GC invocations=40 (full 0):
 garbage-first heap   total 262144K, used 62905K [0x00000000a4a00000, 0x0000000100000000)
  region size 1024K, 17 young (17408K), 2 survivors (2048K)
 Metaspace       used 60898K, capacity 62299K, committed 62464K, reserved 1103872K
  class space    used 7157K, capacity 7650K, committed 7680K, reserved 1048576K
}

Deoptimization events (10 events):
Event: 39,663 Thread 0x00007f4e90011800 Uncommon trap: reason=null_assert_or_unreached0 action=make_not_entrant pc=0x00007f4e7d8fb540 method=org.hibernate.annotations.common.reflection.java.generics.TypeSwitch.doSwitch(Ljava/lang/reflect/Type;)Ljava/lang/Object; @ 17 c2
Event: 42,856 Thread 0x00007f4e90011800 Uncommon trap: reason=array_check action=maybe_recompile pc=0x00007f4e7db93f10 method=org.springframework.util.ObjectUtils.addObjectToArray([Ljava/lang/Object;Ljava/lang/Object;)[Ljava/lang/Object; @ 75 c2
Event: 42,857 Thread 0x00007f4e90011800 Uncommon trap: reason=array_check action=maybe_recompile pc=0x00007f4e7db95100 method=org.springframework.util.ObjectUtils.addObjectToArray([Ljava/lang/Object;Ljava/lang/Object;)[Ljava/lang/Object; @ 75 c2
Event: 42,963 Thread 0x00007f4e90011800 Uncommon trap: reason=array_check action=maybe_recompile pc=0x00007f4e7db95100 method=org.springframework.util.ObjectUtils.addObjectToArray([Ljava/lang/Object;Ljava/lang/Object;)[Ljava/lang/Object; @ 75 c2
Event: 42,963 Thread 0x00007f4e90011800 Uncommon trap: reason=array_check action=maybe_recompile pc=0x00007f4e7db95100 method=org.springframework.util.ObjectUtils.addObjectToArray([Ljava/lang/Object;Ljava/lang/Object;)[Ljava/lang/Object; @ 75 c2
Event: 67,177 Thread 0x00007f4e90011800 Uncommon trap: reason=predicate action=maybe_recompile pc=0x00007f4e7dc3b944 method=org.springframework.core.type.classreading.AnnotationReadingVisitorUtils.convertClassValues(Ljava/lang/Object;Ljava/lang/ClassLoader;Lorg/springframework/core/annotation/A
Event: 67,565 Thread 0x00007f4e90011800 Uncommon trap: reason=array_check action=maybe_recompile pc=0x00007f4e7dcb10b8 method=org.springframework.core.type.classreading.AnnotationReadingVisitorUtils.convertClassValues(Ljava/lang/Object;Ljava/lang/ClassLoader;Lorg/springframework/core/annotation
Event: 67,565 Thread 0x00007f4e90011800 Uncommon trap: reason=array_check action=maybe_recompile pc=0x00007f4e7dcb10b8 method=org.springframework.core.type.classreading.AnnotationReadingVisitorUtils.convertClassValues(Ljava/lang/Object;Ljava/lang/ClassLoader;Lorg/springframework/core/annotation
Event: 67,661 Thread 0x00007f4e90011800 Uncommon trap: reason=array_check action=maybe_recompile pc=0x00007f4e7dcb10b8 method=org.springframework.core.type.classreading.AnnotationReadingVisitorUtils.convertClassValues(Ljava/lang/Object;Ljava/lang/ClassLoader;Lorg/springframework/core/annotation
Event: 67,662 Thread 0x00007f4e90011800 Uncommon trap: reason=array_check action=maybe_recompile pc=0x00007f4e7dcb10b8 method=org.springframework.core.type.classreading.AnnotationReadingVisitorUtils.convertClassValues(Ljava/lang/Object;Ljava/lang/ClassLoader;Lorg/springframework/core/annotation

Classes redefined (0 events):
No events

Internal exceptions (10 events):
Event: 69,050 Thread 0x00007f4e90011800 Exception <a 'java/lang/ClassNotFoundException'{0x00000000b4178d98}: java/lang/ObjectCustomizer> (0x00000000b4178d98) thrown at [/scratch/opt/mach5/mesos/work_dir/slaves/c4ee7e63-1ded-4e8c-9581-ce26f27e3af4-S497/frameworks/1735e8a2-a1db-478c-8104-60c8b0af
Event: 69,051 Thread 0x00007f4e90011800 Exception <a 'java/lang/ClassNotFoundException'{0x00000000b418d3a0}: com/smalldev/authenticationidentity/application/dto/assembler/impl/AssemblerUserDTOCustomizer> (0x00000000b418d3a0) thrown at [/scratch/opt/mach5/mesos/work_dir/slaves/c4ee7e63-1ded-4e8c
Event: 69,051 Thread 0x00007f4e90011800 Exception <a 'java/lang/ClassNotFoundException'{0x00000000b41a0530}: com/smalldev/authenticationidentity/application/dto/assembler/IAssemblerUserDTOCustomizer> (0x00000000b41a0530) thrown at [/scratch/opt/mach5/mesos/work_dir/slaves/c4ee7e63-1ded-4e8c-958
Event: 69,052 Thread 0x00007f4e90011800 Exception <a 'java/lang/ClassNotFoundException'{0x00000000b41b0df0}: com/smalldev/collaborationcommon/application/assembler/AssemblerDTOCustomizer> (0x00000000b41b0df0) thrown at [/scratch/opt/mach5/mesos/work_dir/slaves/c4ee7e63-1ded-4e8c-9581-ce26f27e3a
Event: 69,053 Thread 0x00007f4e90011800 Exception <a 'java/lang/ClassNotFoundException'{0x00000000b41bac70}: java/lang/ObjectCustomizer> (0x00000000b41bac70) thrown at [/scratch/opt/mach5/mesos/work_dir/slaves/c4ee7e63-1ded-4e8c-9581-ce26f27e3af4-S497/frameworks/1735e8a2-a1db-478c-8104-60c8b0af
Event: 69,053 Thread 0x00007f4e90011800 Exception <a 'java/lang/ClassNotFoundException'{0x00000000b41d0018}: com/smalldev/authenticationidentity/domain/model/identity/service/impl/DefaultUserServiceCustomizer> (0x00000000b41d0018) thrown at [/scratch/opt/mach5/mesos/work_dir/slaves/c4ee7e63-1de
Event: 69,053 Thread 0x00007f4e90011800 Exception <a 'java/lang/ClassNotFoundException'{0x00000000b41e3aa0}: com/smalldev/authenticationidentity/domain/model/identity/service/UserServiceCustomizer> (0x00000000b41e3aa0) thrown at [/scratch/opt/mach5/mesos/work_dir/slaves/c4ee7e63-1ded-4e8c-9581-
Event: 69,054 Thread 0x00007f4e90011800 Exception <a 'java/lang/ClassNotFoundException'{0x00000000b41efdb8}: java/lang/ObjectCustomizer> (0x00000000b41efdb8) thrown at [/scratch/opt/mach5/mesos/work_dir/slaves/c4ee7e63-1ded-4e8c-9581-ce26f27e3af4-S497/frameworks/1735e8a2-a1db-478c-8104-60c8b0af
Event: 69,055 Thread 0x00007f4e90011800 Exception <a 'java/lang/ClassNotFoundException'{0x00000000b4004b00}: com/smalldev/authenticationidentity/infrastructure/api/controller/UserAddressControllerCustomizer> (0x00000000b4004b00) thrown at [/scratch/opt/mach5/mesos/work_dir/slaves/c4ee7e63-1ded-
Event: 69,093 Thread 0x00007f4e90011800 Exception <a 'java/lang/NoClassDefFoundError'{0x00000000b3bc13e0}: org/springframework/data/rest/webmvc/config/RepositoryRestConfigurer> (0x00000000b3bc13e0) thrown at [/scratch/opt/mach5/mesos/work_dir/slaves/c4ee7e63-1ded-4e8c-9581-ce26f27e3af4-S497/fra

Events (10 events):
Event: 69,099 loading class com/google/gson$GsonBuilder done
Event: 69,100 loading class com/google/gson/Gson
Event: 69,100 loading class com/google/gson/Gson done
Event: 69,100 loading class com/google/gson$Gson
Event: 69,100 loading class com/google/gson$Gson done
Event: 69,103 loading class org/influxdb/InfluxDB
Event: 69,103 loading class org/influxdb/InfluxDB done
Event: 69,103 loading class org/influxdb$InfluxDB
Event: 69,103 loading class org/influxdb$InfluxDB done
Event: 69,104 Executing VM operation: G1IncCollectionPause


Dynamic libraries:
00400000-00401000 r-xp 00000000 08:06 6294225                            /usr/lib/jvm/java-10-oracle/bin/java
00600000-00601000 rw-p 00000000 08:06 6294225                            /usr/lib/jvm/java-10-oracle/bin/java
01384000-013a5000 rw-p 00000000 00:00 0                                  [heap]
a4a00000-b4a00000 rw-p 00000000 00:00 0 
c3c00000-100000000 ---p 00000000 00:00 0 
100000000-100780000 rw-p 00000000 00:00 0 
100780000-140000000 ---p 00000000 00:00 0 
7f4df4000000-7f4df4057000 rw-p 00000000 00:00 0 
7f4df4057000-7f4df8000000 ---p 00000000 00:00 0 
7f4df8000000-7f4df8021000 rw-p 00000000 00:00 0 
7f4df8021000-7f4dfc000000 ---p 00000000 00:00 0 
7f4dfc000000-7f4dfc023000 rw-p 00000000 00:00 0 
7f4dfc023000-7f4e00000000 ---p 00000000 00:00 0 
7f4e00000000-7f4e002fe000 rw-p 00000000 00:00 0 
7f4e002fe000-7f4e04000000 ---p 00000000 00:00 0 
7f4e05372000-7f4e05376000 ---p 00000000 00:00 0 
7f4e05376000-7f4e05473000 rw-p 00000000 00:00 0 
7f4e056fd000-7f4e0587d000 rw-p 00000000 00:00 0 
7f4e0587d000-7f4e058fd000 ---p 00000000 00:00 0 
7f4e058fd000-7f4e05afd000 rw-p 00000000 00:00 0 
7f4e05afd000-7f4e05cfd000 rw-p 00000000 00:00 0 
7f4e05cfd000-7f4e05efd000 rw-p 00000000 00:00 0 
7f4e05efd000-7f4e060fd000 rw-p 00000000 00:00 0 
7f4e060fd000-7f4e062fd000 rw-p 00000000 00:00 0 
7f4e062fd000-7f4e064fd000 rw-p 00000000 00:00 0 
7f4e064fd000-7f4e066fd000 rw-p 00000000 00:00 0 
7f4e066fd000-7f4e06701000 ---p 00000000 00:00 0 
7f4e06701000-7f4e067fe000 rw-p 00000000 00:00 0 
7f4e067fe000-7f4e067ff000 r-xp 00000000 08:06 6425416                    /usr/lib/jvm/java-10-oracle/lib/libextnet.so
7f4e067ff000-7f4e069fe000 ---p 00001000 08:06 6425416                    /usr/lib/jvm/java-10-oracle/lib/libextnet.so
7f4e069fe000-7f4e069ff000 rw-p 00000000 08:06 6425416                    /usr/lib/jvm/java-10-oracle/lib/libextnet.so
7f4e069ff000-7f4e06bff000 rw-p 00000000 00:00 0 
7f4e06bff000-7f4e06dff000 rw-p 00000000 00:00 0 
7f4e06dff000-7f4e06fff000 rw-p 00000000 00:00 0 
7f4e06fff000-7f4e071ff000 rw-p 00000000 00:00 0 
7f4e071ff000-7f4e073ff000 rw-p 00000000 00:00 0 
7f4e073ff000-7f4e075ff000 rw-p 00000000 00:00 0 
7f4e075ff000-7f4e07603000 ---p 00000000 00:00 0 
7f4e07603000-7f4e07900000 rw-p 00000000 00:00 0 
7f4e07a00000-7f4e07c00000 rw-p 00000000 00:00 0 
7f4e07c00000-7f4e07e00000 rw-p 00000000 00:00 0 
7f4e07e00000-7f4e08000000 rw-p 00000000 00:00 0 
7f4e08000000-7f4e0807d000 rw-p 00000000 00:00 0 
7f4e0807d000-7f4e0c000000 ---p 00000000 00:00 0 
7f4e0c000000-7f4e0c021000 rw-p 00000000 00:00 0 
7f4e0c021000-7f4e10000000 ---p 00000000 00:00 0 
7f4e10000000-7f4e10021000 rw-p 00000000 00:00 0 
7f4e10021000-7f4e14000000 ---p 00000000 00:00 0 
7f4e14000000-7f4e14021000 rw-p 00000000 00:00 0 
7f4e14021000-7f4e18000000 ---p 00000000 00:00 0 
7f4e18000000-7f4e18021000 rw-p 00000000 00:00 0 
7f4e18021000-7f4e1c000000 ---p 00000000 00:00 0 
7f4e1c000000-7f4e1c021000 rw-p 00000000 00:00 0 
7f4e1c021000-7f4e20000000 ---p 00000000 00:00 0 
7f4e20000000-7f4e20c13000 rw-p 00000000 00:00 0 
7f4e20c13000-7f4e24000000 ---p 00000000 00:00 0 
7f4e24000000-7f4e24021000 rw-p 00000000 00:00 0 
7f4e24021000-7f4e28000000 ---p 00000000 00:00 0 
7f4e28000000-7f4e29c5e000 rw-p 00000000 00:00 0 
7f4e29c5e000-7f4e2c000000 ---p 00000000 00:00 0 
7f4e2c000000-7f4e2e5d2000 rw-p 00000000 00:00 0 
7f4e2e5d2000-7f4e30000000 ---p 00000000 00:00 0 
7f4e30000000-7f4e30021000 rw-p 00000000 00:00 0 
7f4e30021000-7f4e34000000 ---p 00000000 00:00 0 
7f4e34000000-7f4e34021000 rw-p 00000000 00:00 0 
7f4e34021000-7f4e38000000 ---p 00000000 00:00 0 
7f4e38000000-7f4e384cf000 rw-p 00000000 00:00 0 
7f4e384cf000-7f4e3c000000 ---p 00000000 00:00 0 
7f4e3c000000-7f4e3c021000 rw-p 00000000 00:00 0 
7f4e3c021000-7f4e40000000 ---p 00000000 00:00 0 
7f4e40000000-7f4e40021000 rw-p 00000000 00:00 0 
7f4e40021000-7f4e44000000 ---p 00000000 00:00 0 
7f4e44000000-7f4e44021000 rw-p 00000000 00:00 0 
7f4e44021000-7f4e48000000 ---p 00000000 00:00 0 
7f4e48000000-7f4e48021000 rw-p 00000000 00:00 0 
7f4e48021000-7f4e4c000000 ---p 00000000 00:00 0 
7f4e4c000000-7f4e4c021000 rw-p 00000000 00:00 0 
7f4e4c021000-7f4e50000000 ---p 00000000 00:00 0 
7f4e50000000-7f4e50025000 rw-p 00000000 00:00 0 
7f4e50025000-7f4e54000000 ---p 00000000 00:00 0 
7f4e54000000-7f4e54021000 rw-p 00000000 00:00 0 
7f4e54021000-7f4e58000000 ---p 00000000 00:00 0 
7f4e580fd000-7f4e58101000 ---p 00000000 00:00 0 
7f4e58101000-7f4e583fe000 rw-p 00000000 00:00 0 
7f4e583fe000-7f4e585fe000 rw-p 00000000 00:00 0 
7f4e585fe000-7f4e587fe000 rw-p 00000000 00:00 0 
7f4e587fe000-7f4e589fe000 rw-p 00000000 00:00 0 
7f4e589fe000-7f4e58bfe000 rw-p 00000000 00:00 0 
7f4e58bfe000-7f4e58c02000 ---p 00000000 00:00 0 
7f4e58c02000-7f4e58cff000 rw-p 00000000 00:00 0 
7f4e58cff000-7f4e58d04000 r-xp 00000000 08:06 6425411                    /usr/lib/jvm/java-10-oracle/lib/libmanagement_ext.so
7f4e58d04000-7f4e58f03000 ---p 00005000 08:06 6425411                    /usr/lib/jvm/java-10-oracle/lib/libmanagement_ext.so
7f4e58f03000-7f4e58f04000 rw-p 00004000 08:06 6425411                    /usr/lib/jvm/java-10-oracle/lib/libmanagement_ext.so
7f4e58f04000-7f4e58f08000 r-xp 00000000 08:06 6425397                    /usr/lib/jvm/java-10-oracle/lib/libmanagement.so
7f4e58f08000-7f4e59107000 ---p 00004000 08:06 6425397                    /usr/lib/jvm/java-10-oracle/lib/libmanagement.so
7f4e59107000-7f4e59108000 rw-p 00003000 08:06 6425397                    /usr/lib/jvm/java-10-oracle/lib/libmanagement.so
7f4e59108000-7f4e5910c000 ---p 00000000 00:00 0 
7f4e5910c000-7f4e59209000 rw-p 00000000 00:00 0 
7f4e59209000-7f4e5921f000 r-xp 00000000 08:06 6425458                    /usr/lib/jvm/java-10-oracle/lib/libnet.so
7f4e5921f000-7f4e5941f000 ---p 00016000 08:06 6425458                    /usr/lib/jvm/java-10-oracle/lib/libnet.so
7f4e5941f000-7f4e59420000 rw-p 00016000 08:06 6425458                    /usr/lib/jvm/java-10-oracle/lib/libnet.so
7f4e59420000-7f4e59430000 r-xp 00000000 08:06 6425424                    /usr/lib/jvm/java-10-oracle/lib/libnio.so
7f4e59430000-7f4e59630000 ---p 00010000 08:06 6425424                    /usr/lib/jvm/java-10-oracle/lib/libnio.so
7f4e59630000-7f4e59631000 rw-p 00010000 08:06 6425424                    /usr/lib/jvm/java-10-oracle/lib/libnio.so
7f4e59631000-7f4e5a000000 r--p 00000000 08:06 5642825                    /usr/lib/locale/locale-archive
7f4e5a000000-7f4e5c000000 rw-p 00000000 00:00 0 
7f4e5c000000-7f4e5c021000 rw-p 00000000 00:00 0 
7f4e5c021000-7f4e60000000 ---p 00000000 00:00 0 
7f4e60000000-7f4e60021000 rw-p 00000000 00:00 0 
7f4e60021000-7f4e64000000 ---p 00000000 00:00 0 
7f4e64045000-7f4e64046000 ---p 00000000 00:00 0 
7f4e64046000-7f4e64147000 rw-p 00000000 00:00 0 
7f4e64147000-7f4e6414b000 ---p 00000000 00:00 0 
7f4e6414b000-7f4e64248000 rw-p 00000000 00:00 0 
7f4e64248000-7f4e6424c000 ---p 00000000 00:00 0 
7f4e6424c000-7f4e64349000 rw-p 00000000 00:00 0 
7f4e64349000-7f4e6434d000 ---p 00000000 00:00 0 
7f4e6434d000-7f4e6444a000 rw-p 00000000 00:00 0 
7f4e6444a000-7f4e6444e000 ---p 00000000 00:00 0 
7f4e6444e000-7f4e6454b000 rw-p 00000000 00:00 0 
7f4e6454b000-7f4e6454f000 ---p 00000000 00:00 0 
7f4e6454f000-7f4e6464c000 rw-p 00000000 00:00 0 
7f4e6464c000-7f4e64650000 ---p 00000000 00:00 0 
7f4e64650000-7f4e6474d000 rw-p 00000000 00:00 0 
7f4e6474d000-7f4e64751000 ---p 00000000 00:00 0 
7f4e64751000-7f4e6484e000 rw-p 00000000 00:00 0 
7f4e6484e000-7f4e64852000 ---p 00000000 00:00 0 
7f4e64852000-7f4e6494f000 rw-p 00000000 00:00 0 
7f4e6494f000-7f4e64953000 ---p 00000000 00:00 0 
7f4e64953000-7f4e65650000 rw-p 00000000 00:00 0 
7f4e65650000-7f4e66928000 ---p 00000000 00:00 0 
7f4e66928000-7f4e66d28000 rw-p 00000000 00:00 0 
7f4e66d28000-7f4e68000000 ---p 00000000 00:00 0 
7f4e68000000-7f4e68026000 rw-p 00000000 00:00 0 
7f4e68026000-7f4e6c000000 ---p 00000000 00:00 0 
7f4e6c000000-7f4e6c02b000 rw-p 00000000 00:00 0 
7f4e6c02b000-7f4e70000000 ---p 00000000 00:00 0 
7f4e70000000-7f4e70021000 rw-p 00000000 00:00 0 
7f4e70021000-7f4e74000000 ---p 00000000 00:00 0 
7f4e7408b000-7f4e7408c000 ---p 00000000 00:00 0 
7f4e7408c000-7f4e7418d000 rw-p 00000000 00:00 0 
7f4e7418d000-7f4e7418e000 ---p 00000000 00:00 0 
7f4e7418e000-7f4e7428f000 rw-p 00000000 00:00 0 
7f4e7428f000-7f4e74290000 ---p 00000000 00:00 0 
7f4e74290000-7f4e74391000 rw-p 00000000 00:00 0 
7f4e74391000-7f4e74392000 ---p 00000000 00:00 0 
7f4e74392000-7f4e74493000 rw-p 00000000 00:00 0 
7f4e74493000-7f4e74494000 ---p 00000000 00:00 0 
7f4e74494000-7f4e74595000 rw-p 00000000 00:00 0 
7f4e74595000-7f4e74596000 ---p 00000000 00:00 0 
7f4e74596000-7f4e74a9b000 rw-p 00000000 00:00 0 
7f4e74a9b000-7f4e74a9c000 ---p 00000000 00:00 0 
7f4e74a9c000-7f4e74b9d000 rw-p 00000000 00:00 0 
7f4e74b9d000-7f4e74b9e000 ---p 00000000 00:00 0 
7f4e74b9e000-7f4e74d1f000 rw-p 00000000 00:00 0 
7f4e74d1f000-7f4e74f7a000 ---p 00000000 00:00 0 
7f4e74f7a000-7f4e74ffa000 rw-p 00000000 00:00 0 
7f4e74ffa000-7f4e75255000 ---p 00000000 00:00 0 
7f4e75255000-7f4e752d5000 rw-p 00000000 00:00 0 
7f4e752d5000-7f4e75530000 ---p 00000000 00:00 0 
7f4e75530000-7f4e75934000 rw-p 00000000 00:00 0 
7f4e75934000-7f4e75935000 ---p 00000000 00:00 0 
7f4e75935000-7f4e75a36000 rw-p 00000000 00:00 0 
7f4e75a36000-7f4e75a37000 ---p 00000000 00:00 0 
7f4e75a37000-7f4e75b38000 rw-p 00000000 00:00 0 
7f4e75b38000-7f4e75b39000 ---p 00000000 00:00 0 
7f4e75b39000-7f4e75c3a000 rw-p 00000000 00:00 0 
7f4e75c3a000-7f4e75eaa000 rwxp 00000000 00:00 0 
7f4e75eaa000-7f4e761ca000 ---p 00000000 00:00 0 
7f4e761ca000-7f4e772fa000 rwxp 00000000 00:00 0 
7f4e772fa000-7f4e7d702000 ---p 00000000 00:00 0 
7f4e7d702000-7f4e7dce2000 rwxp 00000000 00:00 0 
7f4e7dce2000-7f4e84c3a000 ---p 00000000 00:00 0 
7f4e84c3a000-7f4e90000000 r--s 00000000 08:06 6425407                    /usr/lib/jvm/java-10-oracle/lib/modules
7f4e90000000-7f4e9158e000 rw-p 00000000 00:00 0 
7f4e9158e000-7f4e94000000 ---p 00000000 00:00 0 
7f4e94048000-7f4e9406e000 r--p 00000000 08:06 6692585                    /usr/share/locale-langpack/pt_BR/LC_MESSAGES/libc.mo
7f4e9406e000-7f4e940e4000 rw-p 00000000 00:00 0 
7f4e940e4000-7f4e940e5000 ---p 00000000 00:00 0 
7f4e940e5000-7f4e941f2000 rw-p 00000000 00:00 0 
7f4e941f2000-7f4e942d1000 ---p 00000000 00:00 0 
7f4e942d1000-7f4e942f4000 rw-p 00000000 00:00 0 
7f4e942f4000-7f4e943bc000 ---p 00000000 00:00 0 
7f4e943bc000-7f4e943d6000 r-xp 00000000 08:06 6425405                    /usr/lib/jvm/java-10-oracle/lib/libjimage.so
7f4e943d6000-7f4e945d5000 ---p 0001a000 08:06 6425405                    /usr/lib/jvm/java-10-oracle/lib/libjimage.so
7f4e945d5000-7f4e945d7000 rw-p 00019000 08:06 6425405                    /usr/lib/jvm/java-10-oracle/lib/libjimage.so
7f4e945d7000-7f4e945e9000 rw-p 00000000 00:00 0 
7f4e945e9000-7f4e945f0000 r-xp 00000000 08:06 6425425                    /usr/lib/jvm/java-10-oracle/lib/libzip.so
7f4e945f0000-7f4e947ef000 ---p 00007000 08:06 6425425                    /usr/lib/jvm/java-10-oracle/lib/libzip.so
7f4e947ef000-7f4e947f0000 rw-p 00006000 08:06 6425425                    /usr/lib/jvm/java-10-oracle/lib/libzip.so
7f4e947f0000-7f4e947fb000 r-xp 00000000 08:06 8655578                    /lib/x86_64-linux-gnu/libnss_files-2.27.so
7f4e947fb000-7f4e949fa000 ---p 0000b000 08:06 8655578                    /lib/x86_64-linux-gnu/libnss_files-2.27.so
7f4e949fa000-7f4e949fb000 r--p 0000a000 08:06 8655578                    /lib/x86_64-linux-gnu/libnss_files-2.27.so
7f4e949fb000-7f4e949fc000 rw-p 0000b000 08:06 8655578                    /lib/x86_64-linux-gnu/libnss_files-2.27.so
7f4e949fc000-7f4e94a02000 rw-p 00000000 00:00 0 
7f4e94a02000-7f4e94a19000 r-xp 00000000 08:06 8655572                    /lib/x86_64-linux-gnu/libnsl-2.27.so
7f4e94a19000-7f4e94c18000 ---p 00017000 08:06 8655572                    /lib/x86_64-linux-gnu/libnsl-2.27.so
7f4e94c18000-7f4e94c19000 r--p 00016000 08:06 8655572                    /lib/x86_64-linux-gnu/libnsl-2.27.so
7f4e94c19000-7f4e94c1a000 rw-p 00017000 08:06 8655572                    /lib/x86_64-linux-gnu/libnsl-2.27.so
7f4e94c1a000-7f4e94c1c000 rw-p 00000000 00:00 0 
7f4e94c1c000-7f4e94c27000 r-xp 00000000 08:06 8655589                    /lib/x86_64-linux-gnu/libnss_nis-2.27.so
7f4e94c27000-7f4e94e26000 ---p 0000b000 08:06 8655589                    /lib/x86_64-linux-gnu/libnss_nis-2.27.so
7f4e94e26000-7f4e94e27000 r--p 0000a000 08:06 8655589                    /lib/x86_64-linux-gnu/libnss_nis-2.27.so
7f4e94e27000-7f4e94e28000 rw-p 0000b000 08:06 8655589                    /lib/x86_64-linux-gnu/libnss_nis-2.27.so
7f4e94e28000-7f4e94e30000 r-xp 00000000 08:06 8655574                    /lib/x86_64-linux-gnu/libnss_compat-2.27.so
7f4e94e30000-7f4e95030000 ---p 00008000 08:06 8655574                    /lib/x86_64-linux-gnu/libnss_compat-2.27.so
7f4e95030000-7f4e95031000 r--p 00008000 08:06 8655574                    /lib/x86_64-linux-gnu/libnss_compat-2.27.so
7f4e95031000-7f4e95032000 rw-p 00009000 08:06 8655574                    /lib/x86_64-linux-gnu/libnss_compat-2.27.so
7f4e95032000-7f4e9505c000 r-xp 00000000 08:06 6425392                    /usr/lib/jvm/java-10-oracle/lib/libjava.so
7f4e9505c000-7f4e9525c000 ---p 0002a000 08:06 6425392                    /usr/lib/jvm/java-10-oracle/lib/libjava.so
7f4e9525c000-7f4e9525e000 rw-p 0002a000 08:06 6425392                    /usr/lib/jvm/java-10-oracle/lib/libjava.so
7f4e9525e000-7f4e9526b000 r-xp 00000000 08:06 6425413                    /usr/lib/jvm/java-10-oracle/lib/libverify.so
7f4e9526b000-7f4e9546a000 ---p 0000d000 08:06 6425413                    /usr/lib/jvm/java-10-oracle/lib/libverify.so
7f4e9546a000-7f4e9546c000 rw-p 0000c000 08:06 6425413                    /usr/lib/jvm/java-10-oracle/lib/libverify.so
7f4e9546c000-7f4e95473000 r-xp 00000000 08:06 8655629                    /lib/x86_64-linux-gnu/librt-2.27.so
7f4e95473000-7f4e95672000 ---p 00007000 08:06 8655629                    /lib/x86_64-linux-gnu/librt-2.27.so
7f4e95672000-7f4e95673000 r--p 00006000 08:06 8655629                    /lib/x86_64-linux-gnu/librt-2.27.so
7f4e95673000-7f4e95674000 rw-p 00007000 08:06 8655629                    /lib/x86_64-linux-gnu/librt-2.27.so
7f4e95674000-7f4e95811000 r-xp 00000000 08:06 8655551                    /lib/x86_64-linux-gnu/libm-2.27.so
7f4e95811000-7f4e95a10000 ---p 0019d000 08:06 8655551                    /lib/x86_64-linux-gnu/libm-2.27.so
7f4e95a10000-7f4e95a11000 r--p 0019c000 08:06 8655551                    /lib/x86_64-linux-gnu/libm-2.27.so
7f4e95a11000-7f4e95a12000 rw-p 0019d000 08:06 8655551                    /lib/x86_64-linux-gnu/libm-2.27.so
7f4e95a12000-7f4e96afd000 r-xp 00000000 08:06 7472147                    /usr/lib/jvm/java-10-oracle/lib/server/libjvm.so
7f4e96afd000-7f4e96cfc000 ---p 010eb000 08:06 7472147                    /usr/lib/jvm/java-10-oracle/lib/server/libjvm.so
7f4e96cfc000-7f4e96ddc000 r--p 010ea000 08:06 7472147                    /usr/lib/jvm/java-10-oracle/lib/server/libjvm.so
7f4e96ddc000-7f4e96e16000 rw-p 011ca000 08:06 7472147                    /usr/lib/jvm/java-10-oracle/lib/server/libjvm.so
7f4e96e16000-7f4e96e80000 rw-p 00000000 00:00 0 
7f4e96e80000-7f4e97067000 r-xp 00000000 08:06 8655488                    /lib/x86_64-linux-gnu/libc-2.27.so
7f4e97067000-7f4e97267000 ---p 001e7000 08:06 8655488                    /lib/x86_64-linux-gnu/libc-2.27.so
7f4e97267000-7f4e9726b000 r--p 001e7000 08:06 8655488                    /lib/x86_64-linux-gnu/libc-2.27.so
7f4e9726b000-7f4e9726d000 rw-p 001eb000 08:06 8655488                    /lib/x86_64-linux-gnu/libc-2.27.so
7f4e9726d000-7f4e97271000 rw-p 00000000 00:00 0 
7f4e97271000-7f4e97274000 r-xp 00000000 08:06 8655511                    /lib/x86_64-linux-gnu/libdl-2.27.so
7f4e97274000-7f4e97473000 ---p 00003000 08:06 8655511                    /lib/x86_64-linux-gnu/libdl-2.27.so
7f4e97473000-7f4e97474000 r--p 00002000 08:06 8655511                    /lib/x86_64-linux-gnu/libdl-2.27.so
7f4e97474000-7f4e97475000 rw-p 00003000 08:06 8655511                    /lib/x86_64-linux-gnu/libdl-2.27.so
7f4e97475000-7f4e97483000 r-xp 00000000 08:06 7472818                    /usr/lib/jvm/java-10-oracle/lib/jli/libjli.so
7f4e97483000-7f4e97683000 ---p 0000e000 08:06 7472818                    /usr/lib/jvm/java-10-oracle/lib/jli/libjli.so
7f4e97683000-7f4e97684000 rw-p 0000e000 08:06 7472818                    /usr/lib/jvm/java-10-oracle/lib/jli/libjli.so
7f4e97684000-7f4e9769e000 r-xp 00000000 08:06 8655621                    /lib/x86_64-linux-gnu/libpthread-2.27.so
7f4e9769e000-7f4e9789d000 ---p 0001a000 08:06 8655621                    /lib/x86_64-linux-gnu/libpthread-2.27.so
7f4e9789d000-7f4e9789e000 r--p 00019000 08:06 8655621                    /lib/x86_64-linux-gnu/libpthread-2.27.so
7f4e9789e000-7f4e9789f000 rw-p 0001a000 08:06 8655621                    /lib/x86_64-linux-gnu/libpthread-2.27.so
7f4e9789f000-7f4e978a3000 rw-p 00000000 00:00 0 
7f4e978a3000-7f4e978bf000 r-xp 00000000 08:06 8655660                    /lib/x86_64-linux-gnu/libz.so.1.2.11
7f4e978bf000-7f4e97abe000 ---p 0001c000 08:06 8655660                    /lib/x86_64-linux-gnu/libz.so.1.2.11
7f4e97abe000-7f4e97abf000 r--p 0001b000 08:06 8655660                    /lib/x86_64-linux-gnu/libz.so.1.2.11
7f4e97abf000-7f4e97ac0000 rw-p 0001c000 08:06 8655660                    /lib/x86_64-linux-gnu/libz.so.1.2.11
7f4e97ac0000-7f4e97ae7000 r-xp 00000000 08:06 8655460                    /lib/x86_64-linux-gnu/ld-2.27.so
7f4e97aeb000-7f4e97af2000 r--s 00000000 08:06 5900800                    /usr/lib/x86_64-linux-gnu/gconv/gconv-modules.cache
7f4e97af2000-7f4e97af6000 ---p 00000000 00:00 0 
7f4e97af6000-7f4e97bcb000 rw-p 00000000 00:00 0 
7f4e97bcb000-7f4e97bcf000 ---p 00000000 00:00 0 
7f4e97bcf000-7f4e97cd1000 rw-p 00000000 00:00 0 
7f4e97cd1000-7f4e97cd6000 rw-p 00000000 00:00 0 
7f4e97cd6000-7f4e97cdd000 ---p 00000000 00:00 0 
7f4e97cdd000-7f4e97ce5000 rw-s 00000000 08:06 3932641                    /tmp/hsperfdata_home/12475
7f4e97ce5000-7f4e97ce6000 ---p 00000000 00:00 0 
7f4e97ce6000-7f4e97ce7000 r--p 00000000 00:00 0 
7f4e97ce7000-7f4e97ce8000 r--p 00027000 08:06 8655460                    /lib/x86_64-linux-gnu/ld-2.27.so
7f4e97ce8000-7f4e97ce9000 rw-p 00028000 08:06 8655460                    /lib/x86_64-linux-gnu/ld-2.27.so
7f4e97ce9000-7f4e97cea000 rw-p 00000000 00:00 0 
7ffeee9af000-7ffeee9d1000 rw-p 00000000 00:00 0                          [stack]
7ffeee9f4000-7ffeee9f7000 r--p 00000000 00:00 0                          [vvar]
7ffeee9f7000-7ffeee9f9000 r-xp 00000000 00:00 0                          [vdso]
ffffffffff600000-ffffffffff601000 r-xp 00000000 00:00 0                  [vsyscall]


VM Arguments:
java_command: /home/home/NetBeansProjects/Collaboration/AuthenticationIdentity/target/surefire/surefirebooter7063273252495754830.jar /home/home/NetBeansProjects/Collaboration/AuthenticationIdentity/target/surefire 2019-10-19T00-11-12_440-jvmRun1 surefire13646657999560138373tmp surefire_015390912785094315108tmp
java_class_path (initial): /home/home/NetBeansProjects/Collaboration/AuthenticationIdentity/target/surefire/surefirebooter7063273252495754830.jar
Launcher Type: SUN_STANDARD

Logging:
Log output configuration:
#0: stdout all=warning uptime,level,tags
#1: stderr all=off uptime,level,tags

Environment Variables:
JAVA_HOME=/usr/lib/jvm/java-10-oracle
PATH=/home/home/maven/apache-maven-3.5.4/bin:/home/home/maven/apache-maven-3.5.4/bin:/usr/local/sbin:/usr/local/bin:/usr/sbin:/usr/bin:/sbin:/bin:/usr/games:/usr/local/games:/snap/bin:/usr/lib/jvm/java-10-oracle/bin:/usr/lib/jvm/java-10-oracle/db/bin:/usr/lib/jvm/java-10-oracle/bin:/usr/lib/jvm/java-10-oracle/db/bin
USERNAME=home
SHELL=/bin/bash
DISPLAY=:0

Signal Handlers:
SIGSEGV: [libjvm.so+0xdf6210], sa_mask[0]=11111111011111111101111111111110, sa_flags=SA_RESTART|SA_SIGINFO
SIGBUS: [libjvm.so+0xdf6210], sa_mask[0]=11111111011111111101111111111110, sa_flags=SA_RESTART|SA_SIGINFO
SIGFPE: [libjvm.so+0xdf6210], sa_mask[0]=11111111011111111101111111111110, sa_flags=SA_RESTART|SA_SIGINFO
SIGPIPE: [libjvm.so+0xbfbe70], sa_mask[0]=11111111011111111101111111111110, sa_flags=SA_RESTART|SA_SIGINFO
SIGXFSZ: [libjvm.so+0xbfbe70], sa_mask[0]=11111111011111111101111111111110, sa_flags=SA_RESTART|SA_SIGINFO
SIGILL: [libjvm.so+0xdf6210], sa_mask[0]=11111111011111111101111111111110, sa_flags=SA_RESTART|SA_SIGINFO
SIGUSR2: [libjvm.so+0xbfc200], sa_mask[0]=00100000000000000000000000000000, sa_flags=SA_RESTART|SA_SIGINFO
SIGHUP: [libjvm.so+0xbfc190], sa_mask[0]=11111111011111111101111111111110, sa_flags=SA_RESTART|SA_SIGINFO
SIGINT: SIG_IGN, sa_mask[0]=00000000000000000000000000000000, sa_flags=none
SIGTERM: [libjvm.so+0xbfc190], sa_mask[0]=11111111011111111101111111111110, sa_flags=SA_RESTART|SA_SIGINFO
SIGQUIT: [libjvm.so+0xbfc190], sa_mask[0]=11111111011111111101111111111110, sa_flags=SA_RESTART|SA_SIGINFO


---------------  S Y S T E M  ---------------

OS:DISTRIB_ID=Ubuntu
DISTRIB_RELEASE=18.04
DISTRIB_CODENAME=bionic
DISTRIB_DESCRIPTION="Ubuntu 18.04.3 LTS"
uname:Linux 4.15.0-65-generic #74-Ubuntu SMP Tue Sep 17 17:06:04 UTC 2019 x86_64
libc:glibc 2.27 NPTL 2.27 
rlimit: STACK 8192k, CORE 0k, NPROC 22936, NOFILE 4096, AS infinity, DATA infinity, FSIZE infinity
load average:11,34 6,37 4,30

/proc/meminfo:
MemTotal:        5980648 kB
MemFree:          132124 kB
MemAvailable:      83664 kB
Buffers:            6068 kB
Cached:           634208 kB
SwapCached:         4852 kB
Active:          4754684 kB
Inactive:         711324 kB
Active(anon):    4690148 kB
Inactive(anon):   669216 kB
Active(file):      64536 kB
Inactive(file):    42108 kB
Unevictable:         216 kB
Mlocked:             216 kB
SwapTotal:       2097148 kB
SwapFree:             20 kB
Dirty:               232 kB
Writeback:             0 kB
AnonPages:       4822600 kB
Mapped:           461668 kB
Shmem:            533588 kB
Slab:             132992 kB
SReclaimable:      57948 kB
SUnreclaim:        75044 kB
KernelStack:       22192 kB
PageTables:       127632 kB
NFS_Unstable:          0 kB
Bounce:                0 kB
WritebackTmp:          0 kB
CommitLimit:     5087472 kB
Committed_AS:   19284208 kB
VmallocTotal:   34359738367 kB
VmallocUsed:           0 kB
VmallocChunk:          0 kB
HardwareCorrupted:     0 kB
AnonHugePages:         0 kB
ShmemHugePages:        0 kB
ShmemPmdMapped:        0 kB
CmaTotal:              0 kB
CmaFree:               0 kB
HugePages_Total:       0
HugePages_Free:        0
HugePages_Rsvd:        0
HugePages_Surp:        0
Hugepagesize:       2048 kB
DirectMap4k:      291584 kB
DirectMap2M:     5877760 kB
DirectMap1G:     1048576 kB

container (cgroup) information:
container_type: cgroupv1
cpu_cpuset_cpus: 0-3
cpu_memory_nodes: 0
active_processor_count: 4
cpu_quota: -1
cpu_period: 100000
cpu_shares: -1
memory_limit_in_bytes: -1
memory_and_swap_limit_in_bytes: -2
memory_soft_limit_in_bytes: -1
memory_usage_in_bytes: 5597384704
memory_max_usage_in_bytes: 0


CPU:total 4 (initial active 4) (2 cores per cpu, 2 threads per core) family 6 model 69 stepping 1, cmov, cx8, fxsr, mmx, sse, sse2, sse3, ssse3, sse4.1, sse4.2, popcnt, avx, avx2, aes, clmul, erms, lzcnt, ht, tsc, tscinvbit, bmi1, bmi2, fma
CPU Model and flags from /proc/cpuinfo:
model name	: Intel(R) Core(TM) i5-4200U CPU @ 1.60GHz
flags		: fpu vme de pse tsc msr pae mce cx8 apic sep mtrr pge mca cmov pat pse36 clflush dts acpi mmx fxsr sse sse2 ss ht tm pbe syscall nx pdpe1gb rdtscp lm constant_tsc arch_perfmon pebs bts rep_good nopl xtopology nonstop_tsc cpuid aperfmperf pni pclmulqdq dtes64 monitor ds_cpl vmx est tm2 ssse3 sdbg fma cx16 xtpr pdcm pcid sse4_1 sse4_2 movbe popcnt tsc_deadline_timer aes xsave avx f16c rdrand lahf_lm abm cpuid_fault epb invpcid_single pti ssbd ibrs ibpb stibp tpr_shadow vnmi flexpriority ept vpid fsgsbase tsc_adjust bmi1 avx2 smep bmi2 erms invpcid xsaveopt dtherm ida arat pln pts md_clear flush_l1d

Memory: 4k page, physical 5980648k(132124k free), swap 2097148k(20k free)

vm_info: Java HotSpot(TM) 64-Bit Server VM (10.0.2+13) for linux-amd64 JRE (10.0.2+13), built on Jun 27 2018 17:51:35 by "mach5one" with gcc 4.9.2

END.
